Log file open, 11/30/20 17:12:56
LogInit: Display: Running engine for game: Building_Escape
LogPlatformFile: Not using cached read wrapper
LogTaskGraph: Started task graph with 5 named threads and 23 total threads with 3 sets of task threads.
LogStats: Stats thread started at 0.195381
LogD3D11RHI: Loaded GFSDK_Aftermath_Lib.x64.dll
LogICUInternationalization: ICU TimeZone Detection - Raw Offset: -8:00, Platform Override: ''
LogPluginManager: Mounting plugin Paper2D
LogPluginManager: Mounting plugin AISupport
LogPluginManager: Mounting plugin LightPropagationVolume
LogPluginManager: Mounting plugin CameraShakePreviewer
LogPluginManager: Mounting plugin ActorLayerUtilities
LogPluginManager: Mounting plugin AnimationSharing
LogPluginManager: Mounting plugin CLionSourceCodeAccess
LogPluginManager: Mounting plugin CodeLiteSourceCodeAccess
LogPluginManager: Mounting plugin GitSourceControl
LogPluginManager: Mounting plugin KDevelopSourceCodeAccess
LogPluginManager: Mounting plugin NullSourceCodeAccess
LogPluginManager: Mounting plugin PerforceSourceControl
LogPluginManager: Mounting plugin PlasticSourceControl
LogPluginManager: Mounting plugin RiderSourceCodeAccess
LogPluginManager: Mounting plugin SubversionSourceControl
LogPluginManager: Mounting plugin UObjectPlugin
LogPluginManager: Mounting plugin VisualStudioCodeSourceCodeAccess
LogPluginManager: Mounting plugin VisualStudioSourceCodeAccess
LogPluginManager: Mounting plugin XCodeSourceCodeAccess
LogPluginManager: Mounting plugin AssetManagerEditor
LogPluginManager: Mounting plugin CryptoKeys
LogPluginManager: Mounting plugin CurveEditorTools
LogPluginManager: Mounting plugin DataValidation
LogPluginManager: Mounting plugin EditorScriptingUtilities
LogPluginManager: Mounting plugin FacialAnimation
LogPluginManager: Mounting plugin GameplayTagsEditor
LogPluginManager: Mounting plugin GeometryMode
LogPluginManager: Mounting plugin MacGraphicsSwitching
LogPluginManager: Mounting plugin MaterialAnalyzer
LogPluginManager: Mounting plugin MobileLauncherProfileWizard
LogPluginManager: Mounting plugin PluginBrowser
LogPluginManager: Mounting plugin SpeedTreeImporter
LogPluginManager: Mounting plugin DatasmithContent
LogPluginManager: Mounting plugin VariantManagerContent
LogPluginManager: Mounting plugin AlembicImporter
LogPluginManager: Mounting plugin AutomationUtils
LogPluginManager: Mounting plugin BackChannel
LogPluginManager: Mounting plugin ChaosCloth
LogPluginManager: Mounting plugin ChaosClothEditor
LogPluginManager: Mounting plugin ChaosEditor
LogPluginManager: Mounting plugin ChaosNiagara
LogPluginManager: Mounting plugin ChaosSolverPlugin
LogPluginManager: Mounting plugin CharacterAI
LogPluginManager: Mounting plugin GeometryCache
LogPluginManager: Mounting plugin GeometryCollectionPlugin
LogPluginManager: Mounting plugin GeometryProcessing
LogPluginManager: Mounting plugin PlanarCut
LogPluginManager: Mounting plugin PlatformCrypto
LogPluginManager: Mounting plugin ProxyLODPlugin
LogPluginManager: Mounting plugin PythonScriptPlugin
LogPluginManager: Mounting plugin SkeletalReduction
LogPluginManager: Mounting plugin Niagara
LogPluginManager: Mounting plugin MagicLeap
LogPluginManager: Mounting plugin MagicLeapLightEstimation
LogPluginManager: Mounting plugin MagicLeapMedia
LogPluginManager: Mounting plugin MagicLeapPassableWorld
LogPluginManager: Mounting plugin MLSDK
LogPluginManager: Mounting plugin AndroidMedia
LogPluginManager: Mounting plugin AvfMedia
LogPluginManager: Mounting plugin ImgMedia
LogPluginManager: Mounting plugin MediaCompositing
LogPluginManager: Mounting plugin MediaPlayerEditor
LogPluginManager: Mounting plugin WebMMedia
LogPluginManager: Mounting plugin WmfMedia
LogPluginManager: Mounting plugin MegascansPlugin
LogPluginManager: Mounting plugin MeshPainting
LogPluginManager: Mounting plugin TcpMessaging
LogPluginManager: Mounting plugin UdpMessaging
LogPluginManager: Mounting plugin ActorSequence
LogPluginManager: Mounting plugin LevelSequenceEditor
LogPluginManager: Mounting plugin MatineeToLevelSequence
LogPluginManager: Mounting plugin MovieRenderPipeline
LogPluginManager: Mounting plugin TemplateSequence
LogPluginManager: Mounting plugin NetcodeUnitTest
LogPluginManager: Mounting plugin NUTUnrealEngine4
LogPluginManager: Mounting plugin OnlineSubsystemGooglePlay
LogPluginManager: Mounting plugin OnlineSubsystemIOS
LogPluginManager: Mounting plugin OnlineSubsystem
LogPluginManager: Mounting plugin OnlineSubsystemNull
LogPluginManager: Mounting plugin OnlineSubsystemUtils
LogPluginManager: Mounting plugin LauncherChunkInstaller
LogPluginManager: Mounting plugin AndroidDeviceProfileSelector
LogPluginManager: Mounting plugin AndroidMoviePlayer
LogPluginManager: Mounting plugin AndroidPermission
LogPluginManager: Mounting plugin AppleImageUtils
LogPluginManager: Mounting plugin AppleMoviePlayer
LogPluginManager: Mounting plugin ArchVisCharacter
LogPluginManager: Mounting plugin AssetTags
LogPluginManager: Mounting plugin AudioCapture
LogPluginManager: Mounting plugin CableComponent
LogPluginManager: Mounting plugin CustomMeshComponent
LogPluginManager: Mounting plugin DatabaseSupport
LogPluginManager: Mounting plugin SQLiteCore
LogPluginManager: Mounting plugin SQLiteSupport
LogPluginManager: Mounting plugin EditableMesh
LogPluginManager: Mounting plugin ExampleDeviceProfileSelector
LogPluginManager: Mounting plugin GoogleCloudMessaging
LogPluginManager: Mounting plugin GooglePAD
LogPluginManager: Mounting plugin IOSDeviceProfileSelector
LogPluginManager: Mounting plugin LinuxDeviceProfileSelector
LogPluginManager: Mounting plugin LocationServicesBPLibrary
LogPluginManager: Mounting plugin MobilePatchingUtils
LogPluginManager: Mounting plugin OculusVR
LogPluginManager: Mounting plugin PhysXVehicles
LogPluginManager: Mounting plugin PostSplashScreen
LogPluginManager: Mounting plugin ProceduralMeshComponent
LogPluginManager: Mounting plugin RuntimePhysXCooking
LogPluginManager: Mounting plugin SignificanceManager
LogPluginManager: Mounting plugin SoundFields
LogPluginManager: Mounting plugin SteamVR
LogPluginManager: Mounting plugin Synthesis
LogPluginManager: Mounting plugin WebMMoviePlayer
LogPluginManager: Mounting plugin WindowsMoviePlayer
LogPluginManager: Mounting plugin ScreenshotTools
LogInit: Using libcurl 7.55.1-DEV
LogInit:  - built for x86_64-pc-win32
LogInit:  - supports SSL with OpenSSL/1.1.1
LogInit:  - supports HTTP deflate (compression) using libz 1.2.8
LogInit:  - other features:
LogInit:      CURL_VERSION_SSL
LogInit:      CURL_VERSION_LIBZ
LogInit:      CURL_VERSION_IPV6
LogInit:      CURL_VERSION_ASYNCHDNS
LogInit:      CURL_VERSION_LARGEFILE
LogInit:      CURL_VERSION_IDN
LogInit:  CurlRequestOptions (configurable via config and command line):
LogInit:  - bVerifyPeer = true  - Libcurl will verify peer certificate
LogInit:  - bUseHttpProxy = false  - Libcurl will NOT use HTTP proxy
LogInit:  - bDontReuseConnections = false  - Libcurl will reuse connections
LogInit:  - MaxHostConnections = 16  - Libcurl will limit the number of connections to a host
LogInit:  - LocalHostAddr = Default
LogInit:  - BufferSize = 65536
LogOnline: OSS: Creating online subsystem instance for: NULL
LogInit: WinSock: version 1.1 (2.2), MaxSocks=32767, MaxUdp=65467
LogOnline: OSS: TryLoadSubsystemAndSetDefault: Loaded subsystem for module [NULL]
LogInit: Build: ++UE4+Release-4.25-CL-14469661
LogInit: Engine Version: 4.25.4-14469661+++UE4+Release-4.25
LogInit: Compatible Engine Version: 4.25.0-13144385+++UE4+Release-4.25
LogInit: Net CL: 13144385
LogInit: OS: Windows 10 (Release 2004) (), CPU: Intel(R) Core(TM) i7-7700HQ CPU @ 2.80GHz, GPU: NVIDIA GeForce GTX 1080
LogInit: Compiled (64-bit): Oct 11 2020 08:10:49
LogInit: Compiled with Visual C++: 19.24.28315.00
LogInit: Build Configuration: Development
LogInit: Branch Name: ++UE4+Release-4.25
LogInit: Command Line: 
LogInit: Base Directory: C:/Program Files/Epic Games/UE_4.25/Engine/Binaries/Win64/
LogInit: Allocator: TBB
LogInit: Installed Engine Build: 1
LogDevObjectVersion: Number of dev versions registered: 26
LogDevObjectVersion:   Dev-Blueprints (B0D832E4-1F89-4F0D-ACCF-7EB736FD4AA2): 10
LogDevObjectVersion:   Dev-Build (E1C64328-A22C-4D53-A36C-8E866417BD8C): 0
LogDevObjectVersion:   Dev-Core (375EC13C-06E4-48FB-B500-84F0262A717E): 4
LogDevObjectVersion:   Dev-Editor (E4B068ED-F494-42E9-A231-DA0B2E46BB41): 38
LogDevObjectVersion:   Dev-Framework (CFFC743F-43B0-4480-9391-14DF171D2073): 37
LogDevObjectVersion:   Dev-Mobile (B02B49B5-BB20-44E9-A304-32B752E40360): 2
LogDevObjectVersion:   Dev-Networking (A4E4105C-59A1-49B5-A7C5-40C4547EDFEE): 0
LogDevObjectVersion:   Dev-Online (39C831C9-5AE6-47DC-9A44-9C173E1C8E7C): 0
LogDevObjectVersion:   Dev-Physics (78F01B33-EBEA-4F98-B9B4-84EACCB95AA2): 4
LogDevObjectVersion:   Dev-Platform (6631380F-2D4D-43E0-8009-CF276956A95A): 0
LogDevObjectVersion:   Dev-Rendering (12F88B9F-8875-4AFC-A67C-D90C383ABD29): 43
LogDevObjectVersion:   Dev-Sequencer (7B5AE74C-D270-4C10-A958-57980B212A5A): 12
LogDevObjectVersion:   Dev-VR (D7296918-1DD6-4BDD-9DE2-64A83CC13884): 3
LogDevObjectVersion:   Dev-LoadTimes (C2A15278-BFE7-4AFE-6C17-90FF531DF755): 1
LogDevObjectVersion:   Private-Geometry (6EACA3D4-40EC-4CC1-B786-8BED09428FC5): 3
LogDevObjectVersion:   Dev-AnimPhys (29E575DD-E0A3-4627-9D10-D276232CDCEA): 17
LogDevObjectVersion:   Dev-Anim (AF43A65D-7FD3-4947-9873-3E8ED9C1BB05): 7
LogDevObjectVersion:   Dev-ReflectionCapture (6B266CEC-1EC7-4B8F-A30B-E4D90942FC07): 1
LogDevObjectVersion:   Dev-Automation (0DF73D61-A23F-47EA-B727-89E90C41499A): 1
LogDevObjectVersion:   FortniteMain (601D1886-AC64-4F84-AA16-D3DE0DEAC7D6): 31
LogDevObjectVersion:   Dev-Enterprise (9DFFBCD6-494F-0158-E221-12823C92A888): 10
LogDevObjectVersion:   Dev-Niagara (F2AED0AC-9AFE-416F-8664-AA7FFA26D6FC): 1
LogDevObjectVersion:   Dev-Destruction (174F1F0B-B4C6-45A5-B13F-2EE8D0FB917D): 10
LogDevObjectVersion:   Dev-Physics-Ext (35F94A83-E258-406C-A318-09F59610247C): 37
LogDevObjectVersion:   Dev-PhysicsMaterial-Chaos (B68FC16E-8B1B-42E2-B453-215C058844FE): 1
LogDevObjectVersion:   Dev-CineCamera (B2E18506-4273-CFC2-A54E-F4BB758BBA07): 1
LogInit: Presizing for max 25165824 objects, including 0 objects not considered by GC, pre-allocating 0 bytes for permanent pool.
LogConfig: Applying CVar settings from Section [/Script/Engine.StreamingSettings] File [D:/Unreal Projects/Building Escape/Building_Escape/Saved/Config/Windows/Engine.ini]
LogConfig: Setting CVar [[s.MinBulkDataSizeForAsyncLoading:131072]]
LogConfig: Setting CVar [[s.AsyncLoadingThreadEnabled:0]]
LogConfig: Setting CVar [[s.EventDrivenLoaderEnabled:1]]
LogConfig: Setting CVar [[s.WarnIfTimeLimitExceeded:0]]
LogConfig: Setting CVar [[s.TimeLimitExceededMultiplier:1.5]]
LogConfig: Setting CVar [[s.TimeLimitExceededMinTime:0.005]]
LogConfig: Setting CVar [[s.UseBackgroundLevelStreaming:1]]
LogConfig: Setting CVar [[s.PriorityAsyncLoadingExtraTime:15.0]]
LogConfig: Setting CVar [[s.LevelStreamingActorsUpdateTimeLimit:5.0]]
LogConfig: Setting CVar [[s.PriorityLevelStreamingActorsUpdateExtraTime:5.0]]
LogConfig: Setting CVar [[s.LevelStreamingComponentsRegistrationGranularity:10]]
LogConfig: Setting CVar [[s.UnregisterComponentsTimeLimit:1.0]]
LogConfig: Setting CVar [[s.LevelStreamingComponentsUnregistrationGranularity:5]]
LogConfig: Setting CVar [[s.FlushStreamingOnExit:1]]
LogInit: Object subsystem initialized
LogConfig: Setting CVar [[con.DebugEarlyDefault:1]]
LogConfig: Setting CVar [[r.setres:1280x720]]
[2020.12.01-01.12.57:057][  0]LogConfig: Setting CVar [[r.VSync:0]]
[2020.12.01-01.12.57:058][  0]LogConfig: Setting CVar [[r.RHICmdBypass:0]]
[2020.12.01-01.12.57:058][  0]LogConfig: Applying CVar settings from Section [/Script/Engine.RendererSettings] File [D:/Unreal Projects/Building Escape/Building_Escape/Saved/Config/Windows/Engine.ini]
[2020.12.01-01.12.57:058][  0]LogConfig: Setting CVar [[r.GPUCrashDebugging:0]]
[2020.12.01-01.12.57:058][  0]LogConfig: Applying CVar settings from Section [/Script/Engine.RendererOverrideSettings] File [D:/Unreal Projects/Building Escape/Building_Escape/Saved/Config/Windows/Engine.ini]
[2020.12.01-01.12.57:058][  0]LogConfig: Applying CVar settings from Section [/Script/Engine.StreamingSettings] File [D:/Unreal Projects/Building Escape/Building_Escape/Saved/Config/Windows/Engine.ini]
[2020.12.01-01.12.57:058][  0]LogConfig: Setting CVar [[s.MinBulkDataSizeForAsyncLoading:131072]]
[2020.12.01-01.12.57:058][  0]LogConfig: Setting CVar [[s.AsyncLoadingThreadEnabled:0]]
[2020.12.01-01.12.57:058][  0]LogConfig: Setting CVar [[s.EventDrivenLoaderEnabled:1]]
[2020.12.01-01.12.57:058][  0]LogConfig: Setting CVar [[s.WarnIfTimeLimitExceeded:0]]
[2020.12.01-01.12.57:058][  0]LogConfig: Setting CVar [[s.TimeLimitExceededMultiplier:1.5]]
[2020.12.01-01.12.57:058][  0]LogConfig: Setting CVar [[s.TimeLimitExceededMinTime:0.005]]
[2020.12.01-01.12.57:058][  0]LogConfig: Setting CVar [[s.UseBackgroundLevelStreaming:1]]
[2020.12.01-01.12.57:058][  0]LogConfig: Setting CVar [[s.PriorityAsyncLoadingExtraTime:15.0]]
[2020.12.01-01.12.57:058][  0]LogConfig: Setting CVar [[s.LevelStreamingActorsUpdateTimeLimit:5.0]]
[2020.12.01-01.12.57:058][  0]LogConfig: Setting CVar [[s.PriorityLevelStreamingActorsUpdateExtraTime:5.0]]
[2020.12.01-01.12.57:058][  0]LogConfig: Setting CVar [[s.LevelStreamingComponentsRegistrationGranularity:10]]
[2020.12.01-01.12.57:058][  0]LogConfig: Setting CVar [[s.UnregisterComponentsTimeLimit:1.0]]
[2020.12.01-01.12.57:058][  0]LogConfig: Setting CVar [[s.LevelStreamingComponentsUnregistrationGranularity:5]]
[2020.12.01-01.12.57:058][  0]LogConfig: Setting CVar [[s.FlushStreamingOnExit:1]]
[2020.12.01-01.12.57:058][  0]LogConfig: Applying CVar settings from Section [/Script/Engine.GarbageCollectionSettings] File [D:/Unreal Projects/Building Escape/Building_Escape/Saved/Config/Windows/Engine.ini]
[2020.12.01-01.12.57:058][  0]LogConfig: Setting CVar [[gc.MaxObjectsNotConsideredByGC:1]]
[2020.12.01-01.12.57:058][  0]LogConfig: Setting CVar [[gc.SizeOfPermanentObjectPool:0]]
[2020.12.01-01.12.57:058][  0]LogConfig: Setting CVar [[gc.FlushStreamingOnGC:0]]
[2020.12.01-01.12.57:058][  0]LogConfig: Setting CVar [[gc.NumRetriesBeforeForcingGC:10]]
[2020.12.01-01.12.57:058][  0]LogConfig: Setting CVar [[gc.AllowParallelGC:1]]
[2020.12.01-01.12.57:058][  0]LogConfig: Setting CVar [[gc.TimeBetweenPurgingPendingKillObjects:61.1]]
[2020.12.01-01.12.57:058][  0]LogConfig: Setting CVar [[gc.MaxObjectsInEditor:25165824]]
[2020.12.01-01.12.57:058][  0]LogConfig: Setting CVar [[gc.IncrementalBeginDestroyEnabled:1]]
[2020.12.01-01.12.57:058][  0]LogConfig: Setting CVar [[gc.CreateGCClusters:1]]
[2020.12.01-01.12.57:058][  0]LogConfig: Setting CVar [[gc.MinGCClusterSize:5]]
[2020.12.01-01.12.57:058][  0]LogConfig: Setting CVar [[gc.ActorClusteringEnabled:0]]
[2020.12.01-01.12.57:058][  0]LogConfig: Setting CVar [[gc.BlueprintClusteringEnabled:0]]
[2020.12.01-01.12.57:058][  0]LogConfig: Setting CVar [[gc.UseDisregardForGCOnDedicatedServers:0]]
[2020.12.01-01.12.57:058][  0]LogConfig: Applying CVar settings from Section [/Script/Engine.NetworkSettings] File [D:/Unreal Projects/Building Escape/Building_Escape/Saved/Config/Windows/Engine.ini]
[2020.12.01-01.12.57:058][  0]LogConfig: Applying CVar settings from Section [/Script/UnrealEd.CookerSettings] File [D:/Unreal Projects/Building Escape/Building_Escape/Saved/Config/Windows/Engine.ini]
[2020.12.01-01.12.57:060][  0]LogConfig: Applying CVar settings from Section [ViewDistanceQuality@3] File [D:/Unreal Projects/Building Escape/Building_Escape/Saved/Config/Windows/Scalability.ini]
[2020.12.01-01.12.57:060][  0]LogConfig: Setting CVar [[r.SkeletalMeshLODBias:0]]
[2020.12.01-01.12.57:060][  0]LogConfig: Setting CVar [[r.ViewDistanceScale:1.0]]
[2020.12.01-01.12.57:060][  0]LogConfig: Applying CVar settings from Section [AntiAliasingQuality@3] File [D:/Unreal Projects/Building Escape/Building_Escape/Saved/Config/Windows/Scalability.ini]
[2020.12.01-01.12.57:060][  0]LogConfig: Setting CVar [[r.PostProcessAAQuality:4]]
[2020.12.01-01.12.57:060][  0]LogConfig: Applying CVar settings from Section [ShadowQuality@3] File [D:/Unreal Projects/Building Escape/Building_Escape/Saved/Config/Windows/Scalability.ini]
[2020.12.01-01.12.57:060][  0]LogConfig: Setting CVar [[r.LightFunctionQuality:1]]
[2020.12.01-01.12.57:060][  0]LogConfig: Setting CVar [[r.ShadowQuality:5]]
[2020.12.01-01.12.57:060][  0]LogConfig: Setting CVar [[r.Shadow.CSM.MaxCascades:10]]
[2020.12.01-01.12.57:060][  0]LogConfig: Setting CVar [[r.Shadow.MaxResolution:2048]]
[2020.12.01-01.12.57:060][  0]LogConfig: Setting CVar [[r.Shadow.MaxCSMResolution:2048]]
[2020.12.01-01.12.57:060][  0]LogConfig: Setting CVar [[r.Shadow.RadiusThreshold:0.01]]
[2020.12.01-01.12.57:060][  0]LogConfig: Setting CVar [[r.Shadow.DistanceScale:1.0]]
[2020.12.01-01.12.57:060][  0]LogConfig: Setting CVar [[r.Shadow.CSM.TransitionScale:1.0]]
[2020.12.01-01.12.57:060][  0]LogConfig: Setting CVar [[r.Shadow.PreShadowResolutionFactor:1.0]]
[2020.12.01-01.12.57:060][  0]LogConfig: Setting CVar [[r.DistanceFieldShadowing:1]]
[2020.12.01-01.12.57:060][  0]LogConfig: Setting CVar [[r.DistanceFieldAO:1]]
[2020.12.01-01.12.57:060][  0]LogConfig: Setting CVar [[r.AOQuality:2]]
[2020.12.01-01.12.57:060][  0]LogConfig: Setting CVar [[r.VolumetricFog:1]]
[2020.12.01-01.12.57:060][  0]LogConfig: Setting CVar [[r.VolumetricFog.GridPixelSize:8]]
[2020.12.01-01.12.57:060][  0]LogConfig: Setting CVar [[r.VolumetricFog.GridSizeZ:128]]
[2020.12.01-01.12.57:060][  0]LogConfig: Setting CVar [[r.VolumetricFog.HistoryMissSupersampleCount:4]]
[2020.12.01-01.12.57:060][  0]LogConfig: Setting CVar [[r.LightMaxDrawDistanceScale:1]]
[2020.12.01-01.12.57:060][  0]LogConfig: Setting CVar [[r.CapsuleShadows:1]]
[2020.12.01-01.12.57:060][  0]LogConfig: Applying CVar settings from Section [PostProcessQuality@3] File [D:/Unreal Projects/Building Escape/Building_Escape/Saved/Config/Windows/Scalability.ini]
[2020.12.01-01.12.57:060][  0]LogConfig: Setting CVar [[r.MotionBlurQuality:4]]
[2020.12.01-01.12.57:060][  0]LogConfig: Setting CVar [[r.AmbientOcclusionMipLevelFactor:0.4]]
[2020.12.01-01.12.57:060][  0]LogConfig: Setting CVar [[r.AmbientOcclusionMaxQuality:100]]
[2020.12.01-01.12.57:060][  0]LogConfig: Setting CVar [[r.AmbientOcclusionLevels:-1]]
[2020.12.01-01.12.57:061][  0]LogConfig: Setting CVar [[r.AmbientOcclusionRadiusScale:1.0]]
[2020.12.01-01.12.57:061][  0]LogConfig: Setting CVar [[r.DepthOfFieldQuality:2]]
[2020.12.01-01.12.57:061][  0]LogConfig: Setting CVar [[r.RenderTargetPoolMin:400]]
[2020.12.01-01.12.57:061][  0]LogConfig: Setting CVar [[r.LensFlareQuality:2]]
[2020.12.01-01.12.57:061][  0]LogConfig: Setting CVar [[r.SceneColorFringeQuality:1]]
[2020.12.01-01.12.57:061][  0]LogConfig: Setting CVar [[r.EyeAdaptationQuality:2]]
[2020.12.01-01.12.57:061][  0]LogConfig: Setting CVar [[r.BloomQuality:5]]
[2020.12.01-01.12.57:061][  0]LogConfig: Setting CVar [[r.FastBlurThreshold:100]]
[2020.12.01-01.12.57:061][  0]LogConfig: Setting CVar [[r.Upscale.Quality:3]]
[2020.12.01-01.12.57:061][  0]LogConfig: Setting CVar [[r.Tonemapper.GrainQuantization:1]]
[2020.12.01-01.12.57:061][  0]LogConfig: Setting CVar [[r.LightShaftQuality:1]]
[2020.12.01-01.12.57:061][  0]LogConfig: Setting CVar [[r.Filter.SizeScale:1]]
[2020.12.01-01.12.57:061][  0]LogConfig: Setting CVar [[r.Tonemapper.Quality:5]]
[2020.12.01-01.12.57:061][  0]LogConfig: Setting CVar [[r.DOF.Gather.AccumulatorQuality:1        ; higher gathering accumulator quality]]
[2020.12.01-01.12.57:061][  0]LogConfig: Setting CVar [[r.DOF.Gather.PostfilterMethod:1          ; Median3x3 postfilering method]]
[2020.12.01-01.12.57:061][  0]LogConfig: Setting CVar [[r.DOF.Gather.EnableBokehSettings:0       ; no bokeh simulation when gathering]]
[2020.12.01-01.12.57:061][  0]LogConfig: Setting CVar [[r.DOF.Gather.RingCount:4                 ; medium number of samples when gathering]]
[2020.12.01-01.12.57:061][  0]LogConfig: Setting CVar [[r.DOF.Scatter.ForegroundCompositing:1    ; additive foreground scattering]]
[2020.12.01-01.12.57:061][  0]LogConfig: Setting CVar [[r.DOF.Scatter.BackgroundCompositing:2    ; additive background scattering]]
[2020.12.01-01.12.57:061][  0]LogConfig: Setting CVar [[r.DOF.Scatter.EnableBokehSettings:1      ; bokeh simulation when scattering]]
[2020.12.01-01.12.57:061][  0]LogConfig: Setting CVar [[r.DOF.Scatter.MaxSpriteRatio:0.1         ; only a maximum of 10% of scattered bokeh]]
[2020.12.01-01.12.57:061][  0]LogConfig: Setting CVar [[r.DOF.Recombine.Quality:1                ; cheap slight out of focus]]
[2020.12.01-01.12.57:061][  0]LogConfig: Setting CVar [[r.DOF.Recombine.EnableBokehSettings:0    ; no bokeh simulation on slight out of focus]]
[2020.12.01-01.12.57:061][  0]LogConfig: Setting CVar [[r.DOF.TemporalAAQuality:1                ; more stable temporal accumulation]]
[2020.12.01-01.12.57:061][  0]LogConfig: Setting CVar [[r.DOF.Kernel.MaxForegroundRadius:0.025]]
[2020.12.01-01.12.57:061][  0]LogConfig: Setting CVar [[r.DOF.Kernel.MaxBackgroundRadius:0.025]]
[2020.12.01-01.12.57:061][  0]LogConfig: Applying CVar settings from Section [TextureQuality@3] File [D:/Unreal Projects/Building Escape/Building_Escape/Saved/Config/Windows/Scalability.ini]
[2020.12.01-01.12.57:061][  0]LogConfig: Setting CVar [[r.Streaming.MipBias:0]]
[2020.12.01-01.12.57:061][  0]LogConfig: Setting CVar [[r.Streaming.AmortizeCPUToGPUCopy:0]]
[2020.12.01-01.12.57:061][  0]LogConfig: Setting CVar [[r.Streaming.MaxNumTexturesToStreamPerFrame:0]]
[2020.12.01-01.12.57:061][  0]LogConfig: Setting CVar [[r.Streaming.Boost:1]]
[2020.12.01-01.12.57:061][  0]LogConfig: Setting CVar [[r.MaxAnisotropy:8]]
[2020.12.01-01.12.57:061][  0]LogConfig: Setting CVar [[r.VT.MaxAnisotropy:8]]
[2020.12.01-01.12.57:061][  0]LogConfig: Setting CVar [[r.Streaming.LimitPoolSizeToVRAM:0]]
[2020.12.01-01.12.57:061][  0]LogConfig: Setting CVar [[r.Streaming.PoolSize:1000]]
[2020.12.01-01.12.57:061][  0]LogConfig: Setting CVar [[r.Streaming.MaxEffectiveScreenSize:0]]
[2020.12.01-01.12.57:061][  0]LogConfig: Applying CVar settings from Section [EffectsQuality@3] File [D:/Unreal Projects/Building Escape/Building_Escape/Saved/Config/Windows/Scalability.ini]
[2020.12.01-01.12.57:061][  0]LogConfig: Setting CVar [[r.TranslucencyLightingVolumeDim:64]]
[2020.12.01-01.12.57:061][  0]LogConfig: Setting CVar [[r.RefractionQuality:2]]
[2020.12.01-01.12.57:061][  0]LogConfig: Setting CVar [[r.SSR.Quality:3]]
[2020.12.01-01.12.57:061][  0]LogConfig: Setting CVar [[r.SSR.HalfResSceneColor:0]]
[2020.12.01-01.12.57:061][  0]LogConfig: Setting CVar [[r.SceneColorFormat:4]]
[2020.12.01-01.12.57:061][  0]LogConfig: Setting CVar [[r.DetailMode:2]]
[2020.12.01-01.12.57:061][  0]LogConfig: Setting CVar [[r.TranslucencyVolumeBlur:1]]
[2020.12.01-01.12.57:061][  0]LogConfig: Setting CVar [[r.MaterialQualityLevel:1 ; High quality]]
[2020.12.01-01.12.57:061][  0]LogConfig: Setting CVar [[r.SSS.Scale:1]]
[2020.12.01-01.12.57:061][  0]LogConfig: Setting CVar [[r.SSS.SampleSet:2]]
[2020.12.01-01.12.57:061][  0]LogConfig: Setting CVar [[r.SSS.Quality:1]]
[2020.12.01-01.12.57:061][  0]LogConfig: Setting CVar [[r.SSS.HalfRes:0]]
[2020.12.01-01.12.57:061][  0]LogConfig: Setting CVar [[r.SSGI.Quality:3]]
[2020.12.01-01.12.57:061][  0]LogConfig: Setting CVar [[r.EmitterSpawnRateScale:1.0]]
[2020.12.01-01.12.57:061][  0]LogConfig: Setting CVar [[r.ParticleLightQuality:2]]
[2020.12.01-01.12.57:061][  0]LogConfig: Setting CVar [[r.SkyAtmosphere.AerialPerspectiveLUT.FastApplyOnOpaque:1 ; Always have FastSkyLUT 1 in this case to avoid wrong sky]]
[2020.12.01-01.12.57:061][  0]LogConfig: Setting CVar [[r.SkyAtmosphere.AerialPerspectiveLUT.SampleCountPerSlice:1]]
[2020.12.01-01.12.57:061][  0]LogConfig: Setting CVar [[r.SkyAtmosphere.AerialPerspectiveLUT.DepthResolution:16.0]]
[2020.12.01-01.12.57:061][  0]LogConfig: Setting CVar [[r.SkyAtmosphere.FastSkyLUT:1]]
[2020.12.01-01.12.57:061][  0]LogConfig: Setting CVar [[r.SkyAtmosphere.FastSkyLUT.SampleCountMin:4.0]]
[2020.12.01-01.12.57:061][  0]LogConfig: Setting CVar [[r.SkyAtmosphere.FastSkyLUT.SampleCountMax:32.0]]
[2020.12.01-01.12.57:061][  0]LogConfig: Setting CVar [[r.SkyAtmosphere.SampleCountMin:4.0]]
[2020.12.01-01.12.57:061][  0]LogConfig: Setting CVar [[r.SkyAtmosphere.SampleCountMax:32.0]]
[2020.12.01-01.12.57:061][  0]LogConfig: Setting CVar [[r.SkyAtmosphere.TransmittanceLUT.UseSmallFormat:0]]
[2020.12.01-01.12.57:061][  0]LogConfig: Setting CVar [[r.SkyAtmosphere.TransmittanceLUT.SampleCount:10.0]]
[2020.12.01-01.12.57:061][  0]LogConfig: Setting CVar [[r.SkyAtmosphere.MultiScatteringLUT.SampleCount:15.0]]
[2020.12.01-01.12.57:061][  0]LogConfig: Applying CVar settings from Section [FoliageQuality@3] File [D:/Unreal Projects/Building Escape/Building_Escape/Saved/Config/Windows/Scalability.ini]
[2020.12.01-01.12.57:061][  0]LogConfig: Setting CVar [[foliage.DensityScale:1.0]]
[2020.12.01-01.12.57:061][  0]LogConfig: Setting CVar [[grass.DensityScale:1.0]]
[2020.12.01-01.12.57:061][  0]LogConfig: Applying CVar settings from Section [ShadingQuality@3] File [D:/Unreal Projects/Building Escape/Building_Escape/Saved/Config/Windows/Scalability.ini]
[2020.12.01-01.12.57:061][  0]LogConfig: Setting CVar [[r.HairStrands.SkyLighting.SampleCount:16]]
[2020.12.01-01.12.57:061][  0]LogConfig: Setting CVar [[r.HairStrands.SkyLighting.JitterIntegration:0]]
[2020.12.01-01.12.57:061][  0]LogConfig: Setting CVar [[r.HairStrands.SkyAO.SampleCount:16]]
[2020.12.01-01.12.57:061][  0]LogConfig: Setting CVar [[r.HairStrands.DeepShadow.SuperSampling:0]]
[2020.12.01-01.12.57:061][  0]LogConfig: Setting CVar [[r.HairStrands.VisibilityPPLL:0]]
[2020.12.01-01.12.57:061][  0]LogConfig: Setting CVar [[r.HairStrands.RasterizationScale:0.5]]
[2020.12.01-01.12.57:061][  0]LogConfig: Setting CVar [[r.HairStrands.VelocityRasterizationScale:1]]
[2020.12.01-01.12.57:061][  0]LogInit: Selected Device Profile: [Windows]
[2020.12.01-01.12.57:061][  0]LogInit: Applying CVar settings loaded from the selected device profile: [Windows]
[2020.12.01-01.12.57:062][  0]LogHAL: Display: Platform has ~ 16 GB [17132564480 / 17179869184 / 16], which maps to Larger [LargestMinGB=32, LargerMinGB=12, DefaultMinGB=8, SmallerMinGB=6, SmallestMinGB=0)
[2020.12.01-01.12.57:062][  0]LogInit: Going up to parent DeviceProfile []
[2020.12.01-01.12.57:062][  0]LogConfig: Applying CVar settings from Section [ViewDistanceQuality@2] File [D:/Unreal Projects/Building Escape/Building_Escape/Saved/Config/Windows/Scalability.ini]
[2020.12.01-01.12.57:062][  0]LogConfig: Setting CVar [[r.SkeletalMeshLODBias:0]]
[2020.12.01-01.12.57:062][  0]LogConfig: Setting CVar [[r.ViewDistanceScale:0.8]]
[2020.12.01-01.12.57:062][  0]LogConfig: Applying CVar settings from Section [AntiAliasingQuality@2] File [D:/Unreal Projects/Building Escape/Building_Escape/Saved/Config/Windows/Scalability.ini]
[2020.12.01-01.12.57:062][  0]LogConfig: Setting CVar [[r.PostProcessAAQuality:3]]
[2020.12.01-01.12.57:062][  0]LogConfig: Applying CVar settings from Section [ShadowQuality@2] File [D:/Unreal Projects/Building Escape/Building_Escape/Saved/Config/Windows/Scalability.ini]
[2020.12.01-01.12.57:062][  0]LogConfig: Setting CVar [[r.LightFunctionQuality:1]]
[2020.12.01-01.12.57:062][  0]LogConfig: Setting CVar [[r.ShadowQuality:5]]
[2020.12.01-01.12.57:062][  0]LogConfig: Setting CVar [[r.Shadow.CSM.MaxCascades:4]]
[2020.12.01-01.12.57:062][  0]LogConfig: Setting CVar [[r.Shadow.MaxResolution:1024]]
[2020.12.01-01.12.57:062][  0]LogConfig: Setting CVar [[r.Shadow.MaxCSMResolution:2048]]
[2020.12.01-01.12.57:062][  0]LogConfig: Setting CVar [[r.Shadow.RadiusThreshold:0.04]]
[2020.12.01-01.12.57:062][  0]LogConfig: Setting CVar [[r.Shadow.DistanceScale:0.85]]
[2020.12.01-01.12.57:062][  0]LogConfig: Setting CVar [[r.Shadow.CSM.TransitionScale:0.8]]
[2020.12.01-01.12.57:062][  0]LogConfig: Setting CVar [[r.Shadow.PreShadowResolutionFactor:0.5]]
[2020.12.01-01.12.57:062][  0]LogConfig: Setting CVar [[r.DistanceFieldShadowing:1]]
[2020.12.01-01.12.57:062][  0]LogConfig: Setting CVar [[r.DistanceFieldAO:1]]
[2020.12.01-01.12.57:062][  0]LogConfig: Setting CVar [[r.AOQuality:1]]
[2020.12.01-01.12.57:062][  0]LogConfig: Setting CVar [[r.VolumetricFog:1]]
[2020.12.01-01.12.57:062][  0]LogConfig: Setting CVar [[r.VolumetricFog.GridPixelSize:16]]
[2020.12.01-01.12.57:062][  0]LogConfig: Setting CVar [[r.VolumetricFog.GridSizeZ:64]]
[2020.12.01-01.12.57:062][  0]LogConfig: Setting CVar [[r.VolumetricFog.HistoryMissSupersampleCount:4]]
[2020.12.01-01.12.57:062][  0]LogConfig: Setting CVar [[r.LightMaxDrawDistanceScale:1]]
[2020.12.01-01.12.57:062][  0]LogConfig: Setting CVar [[r.CapsuleShadows:1]]
[2020.12.01-01.12.57:062][  0]LogConfig: Applying CVar settings from Section [PostProcessQuality@2] File [D:/Unreal Projects/Building Escape/Building_Escape/Saved/Config/Windows/Scalability.ini]
[2020.12.01-01.12.57:062][  0]LogConfig: Setting CVar [[r.MotionBlurQuality:3]]
[2020.12.01-01.12.57:062][  0]LogConfig: Setting CVar [[r.AmbientOcclusionMipLevelFactor:0.6]]
[2020.12.01-01.12.57:062][  0]LogConfig: Setting CVar [[r.AmbientOcclusionMaxQuality:100]]
[2020.12.01-01.12.57:062][  0]LogConfig: Setting CVar [[r.AmbientOcclusionLevels:-1]]
[2020.12.01-01.12.57:062][  0]LogConfig: Setting CVar [[r.AmbientOcclusionRadiusScale:1.5]]
[2020.12.01-01.12.57:062][  0]LogConfig: Setting CVar [[r.DepthOfFieldQuality:2]]
[2020.12.01-01.12.57:062][  0]LogConfig: Setting CVar [[r.RenderTargetPoolMin:400]]
[2020.12.01-01.12.57:062][  0]LogConfig: Setting CVar [[r.LensFlareQuality:2]]
[2020.12.01-01.12.57:062][  0]LogConfig: Setting CVar [[r.SceneColorFringeQuality:1]]
[2020.12.01-01.12.57:062][  0]LogConfig: Setting CVar [[r.EyeAdaptationQuality:2]]
[2020.12.01-01.12.57:062][  0]LogConfig: Setting CVar [[r.BloomQuality:5]]
[2020.12.01-01.12.57:062][  0]LogConfig: Setting CVar [[r.FastBlurThreshold:3]]
[2020.12.01-01.12.57:062][  0]LogConfig: Setting CVar [[r.Upscale.Quality:2]]
[2020.12.01-01.12.57:062][  0]LogConfig: Setting CVar [[r.Tonemapper.GrainQuantization:1]]
[2020.12.01-01.12.57:062][  0]LogConfig: Setting CVar [[r.LightShaftQuality:1]]
[2020.12.01-01.12.57:062][  0]LogConfig: Setting CVar [[r.Filter.SizeScale:0.8]]
[2020.12.01-01.12.57:062][  0]LogConfig: Setting CVar [[r.Tonemapper.Quality:5]]
[2020.12.01-01.12.57:062][  0]LogConfig: Setting CVar [[r.DOF.Gather.AccumulatorQuality:0        ; lower gathering accumulator quality]]
[2020.12.01-01.12.57:062][  0]LogConfig: Setting CVar [[r.DOF.Gather.PostfilterMethod:2          ; Max3x3 postfilering method]]
[2020.12.01-01.12.57:062][  0]LogConfig: Setting CVar [[r.DOF.Gather.EnableBokehSettings:0       ; no bokeh simulation when gathering]]
[2020.12.01-01.12.57:062][  0]LogConfig: Setting CVar [[r.DOF.Gather.RingCount:4                 ; medium number of samples when gathering]]
[2020.12.01-01.12.57:062][  0]LogConfig: Setting CVar [[r.DOF.Scatter.ForegroundCompositing:1    ; additive foreground scattering]]
[2020.12.01-01.12.57:062][  0]LogConfig: Setting CVar [[r.DOF.Scatter.BackgroundCompositing:1    ; no background occlusion]]
[2020.12.01-01.12.57:062][  0]LogConfig: Setting CVar [[r.DOF.Scatter.EnableBokehSettings:0      ; no bokeh simulation when scattering]]
[2020.12.01-01.12.57:062][  0]LogConfig: Setting CVar [[r.DOF.Scatter.MaxSpriteRatio:0.04        ; only a maximum of 4% of scattered bokeh]]
[2020.12.01-01.12.57:062][  0]LogConfig: Setting CVar [[r.DOF.Recombine.Quality:0                ; no slight out of focus]]
[2020.12.01-01.12.57:062][  0]LogConfig: Setting CVar [[r.DOF.TemporalAAQuality:0                ; faster temporal accumulation]]
[2020.12.01-01.12.57:062][  0]LogConfig: Setting CVar [[r.DOF.Kernel.MaxForegroundRadius:0.012   ; required because of AccumulatorQuality=0]]
[2020.12.01-01.12.57:062][  0]LogConfig: Setting CVar [[r.DOF.Kernel.MaxBackgroundRadius:0.012   ; required because of AccumulatorQuality=0]]
[2020.12.01-01.12.57:062][  0]LogConfig: Applying CVar settings from Section [TextureQuality@2] File [D:/Unreal Projects/Building Escape/Building_Escape/Saved/Config/Windows/Scalability.ini]
[2020.12.01-01.12.57:062][  0]LogConfig: Setting CVar [[r.Streaming.MipBias:0]]
[2020.12.01-01.12.57:062][  0]LogConfig: Setting CVar [[r.Streaming.AmortizeCPUToGPUCopy:0]]
[2020.12.01-01.12.57:062][  0]LogConfig: Setting CVar [[r.Streaming.MaxNumTexturesToStreamPerFrame:0]]
[2020.12.01-01.12.57:062][  0]LogConfig: Setting CVar [[r.Streaming.Boost:1]]
[2020.12.01-01.12.57:062][  0]LogConfig: Setting CVar [[r.MaxAnisotropy:4]]
[2020.12.01-01.12.57:062][  0]LogConfig: Setting CVar [[r.VT.MaxAnisotropy:8]]
[2020.12.01-01.12.57:062][  0]LogConfig: Setting CVar [[r.Streaming.LimitPoolSizeToVRAM:1]]
[2020.12.01-01.12.57:062][  0]LogConfig: Setting CVar [[r.Streaming.PoolSize:800]]
[2020.12.01-01.12.57:062][  0]LogConfig: Setting CVar [[r.Streaming.MaxEffectiveScreenSize:0]]
[2020.12.01-01.12.57:062][  0]LogConfig: Applying CVar settings from Section [EffectsQuality@2] File [D:/Unreal Projects/Building Escape/Building_Escape/Saved/Config/Windows/Scalability.ini]
[2020.12.01-01.12.57:062][  0]LogConfig: Setting CVar [[r.TranslucencyLightingVolumeDim:48]]
[2020.12.01-01.12.57:062][  0]LogConfig: Setting CVar [[r.RefractionQuality:2]]
[2020.12.01-01.12.57:062][  0]LogConfig: Setting CVar [[r.SSR.Quality:2]]
[2020.12.01-01.12.57:062][  0]LogConfig: Setting CVar [[r.SSR.HalfResSceneColor:1]]
[2020.12.01-01.12.57:062][  0]LogConfig: Setting CVar [[r.SceneColorFormat:3]]
[2020.12.01-01.12.57:062][  0]LogConfig: Setting CVar [[r.DetailMode:1]]
[2020.12.01-01.12.57:063][  0]LogConfig: Setting CVar [[r.TranslucencyVolumeBlur:1]]
[2020.12.01-01.12.57:063][  0]LogConfig: Setting CVar [[r.MaterialQualityLevel:1 ; High quality]]
[2020.12.01-01.12.57:063][  0]LogConfig: Setting CVar [[r.SSS.Scale:1]]
[2020.12.01-01.12.57:063][  0]LogConfig: Setting CVar [[r.SSS.SampleSet:1]]
[2020.12.01-01.12.57:063][  0]LogConfig: Setting CVar [[r.SSS.Quality:-1]]
[2020.12.01-01.12.57:063][  0]LogConfig: Setting CVar [[r.SSS.HalfRes:1]]
[2020.12.01-01.12.57:063][  0]LogConfig: Setting CVar [[r.SSGI.Quality:2]]
[2020.12.01-01.12.57:063][  0]LogConfig: Setting CVar [[r.EmitterSpawnRateScale:0.5]]
[2020.12.01-01.12.57:063][  0]LogConfig: Setting CVar [[r.ParticleLightQuality:1]]
[2020.12.01-01.12.57:063][  0]LogConfig: Setting CVar [[r.SkyAtmosphere.AerialPerspectiveLUT.FastApplyOnOpaque:1 ; Always have FastSkyLUT 1 in this case to avoid wrong sky]]
[2020.12.01-01.12.57:063][  0]LogConfig: Setting CVar [[r.SkyAtmosphere.AerialPerspectiveLUT.SampleCountPerSlice:1]]
[2020.12.01-01.12.57:063][  0]LogConfig: Setting CVar [[r.SkyAtmosphere.AerialPerspectiveLUT.DepthResolution:16.0]]
[2020.12.01-01.12.57:063][  0]LogConfig: Setting CVar [[r.SkyAtmosphere.FastSkyLUT:1]]
[2020.12.01-01.12.57:063][  0]LogConfig: Setting CVar [[r.SkyAtmosphere.FastSkyLUT.SampleCountMin:4.0]]
[2020.12.01-01.12.57:063][  0]LogConfig: Setting CVar [[r.SkyAtmosphere.FastSkyLUT.SampleCountMax:32.0]]
[2020.12.01-01.12.57:063][  0]LogConfig: Setting CVar [[r.SkyAtmosphere.SampleCountMin:4.0]]
[2020.12.01-01.12.57:063][  0]LogConfig: Setting CVar [[r.SkyAtmosphere.SampleCountMax:32.0]]
[2020.12.01-01.12.57:063][  0]LogConfig: Setting CVar [[r.SkyAtmosphere.TransmittanceLUT.UseSmallFormat:0]]
[2020.12.01-01.12.57:063][  0]LogConfig: Setting CVar [[r.SkyAtmosphere.TransmittanceLUT.SampleCount:10.0]]
[2020.12.01-01.12.57:063][  0]LogConfig: Setting CVar [[r.SkyAtmosphere.MultiScatteringLUT.SampleCount:15.0]]
[2020.12.01-01.12.57:063][  0]LogConfig: Applying CVar settings from Section [FoliageQuality@2] File [D:/Unreal Projects/Building Escape/Building_Escape/Saved/Config/Windows/Scalability.ini]
[2020.12.01-01.12.57:063][  0]LogConfig: Setting CVar [[foliage.DensityScale:0.8]]
[2020.12.01-01.12.57:063][  0]LogConfig: Setting CVar [[grass.DensityScale:0.8]]
[2020.12.01-01.12.57:063][  0]LogConfig: Applying CVar settings from Section [ShadingQuality@2] File [D:/Unreal Projects/Building Escape/Building_Escape/Saved/Config/Windows/Scalability.ini]
[2020.12.01-01.12.57:063][  0]LogConfig: Setting CVar [[r.HairStrands.SkyLighting.SampleCount:16]]
[2020.12.01-01.12.57:063][  0]LogConfig: Setting CVar [[r.HairStrands.SkyLighting.JitterIntegration:0]]
[2020.12.01-01.12.57:063][  0]LogConfig: Setting CVar [[r.HairStrands.SkyAO.SampleCount:16]]
[2020.12.01-01.12.57:063][  0]LogConfig: Setting CVar [[r.HairStrands.DeepShadow.SuperSampling:0]]
[2020.12.01-01.12.57:063][  0]LogConfig: Setting CVar [[r.HairStrands.VisibilityPPLL:0]]
[2020.12.01-01.12.57:063][  0]LogConfig: Setting CVar [[r.HairStrands.RasterizationScale:0.5]]
[2020.12.01-01.12.57:063][  0]LogConfig: Setting CVar [[r.HairStrands.VelocityRasterizationScale:1]]
[2020.12.01-01.12.57:063][  0]LogConfig: Applying CVar settings from Section [Startup] File [../../../Engine/Config/ConsoleVariables.ini]
[2020.12.01-01.12.57:063][  0]LogConfig: Setting CVar [[net.UseAdaptiveNetUpdateFrequency:0]]
[2020.12.01-01.12.57:063][  0]LogConfig: Setting CVar [[p.chaos.AllowCreatePhysxBodies:1]]
[2020.12.01-01.12.57:063][  0]LogConfig: Setting CVar [[fx.SkipVectorVMBackendOptimizations:1]]
[2020.12.01-01.12.57:063][  0]LogConfig: Applying CVar settings from Section [ConsoleVariables] File [D:/Unreal Projects/Building Escape/Building_Escape/Saved/Config/Windows/Engine.ini]
[2020.12.01-01.12.57:063][  0]LogInit: Computer: DESKTOP-8TISN47
[2020.12.01-01.12.57:063][  0]LogInit: User: mmuro
[2020.12.01-01.12.57:063][  0]LogInit: CPU Page size=4096, Cores=4
[2020.12.01-01.12.57:063][  0]LogInit: High frequency timer resolution =10.000000 MHz
[2020.12.01-01.12.57:063][  0]LogMemory: Memory total: Physical=16.0GB (16GB approx)
[2020.12.01-01.12.57:063][  0]LogMemory: Platform Memory Stats for Windows
[2020.12.01-01.12.57:063][  0]LogMemory: Process Physical Memory: 119.69 MB used, 119.70 MB peak
[2020.12.01-01.12.57:063][  0]LogMemory: Process Virtual Memory: 99.61 MB used, 99.61 MB peak
[2020.12.01-01.12.57:064][  0]LogMemory: Physical Memory: 6908.33 MB used,  9430.55 MB free, 16338.89 MB total
[2020.12.01-01.12.57:064][  0]LogMemory: Virtual Memory: 5152.05 MB used,  134212576.00 MB free, 134217728.00 MB total
[2020.12.01-01.12.57:071][  0]LogWindows: WindowsPlatformFeatures enabled
[2020.12.01-01.12.57:126][  0]LogInit: Physics initialised using underlying interface: PhysX
[2020.12.01-01.12.57:127][  0]LogInit: Using OS detected language (en-US).
[2020.12.01-01.12.57:127][  0]LogInit: Using OS detected locale (en-US).
[2020.12.01-01.12.57:133][  0]LogTextLocalizationManager: No specific localization for 'en-US' exists, so the 'en' localization will be used.
[2020.12.01-01.12.57:319][  0]LogInit: Setting process to per monitor DPI aware
[2020.12.01-01.12.57:373][  0]LogSlate: New Slate User Created.  User Index 0, Is Virtual User: 0
[2020.12.01-01.12.57:373][  0]LogSlate: Slate User Registered.  User Index 0, Is Virtual User: 0
[2020.12.01-01.12.57:544][  0]LogHMD: Failed to initialize OpenVR with code 110
[2020.12.01-01.12.57:544][  0]LogD3D11RHI: D3D11 min allowed feature level: 11_0
[2020.12.01-01.12.57:544][  0]LogD3D11RHI: D3D11 max allowed feature level: 11_0
[2020.12.01-01.12.57:544][  0]LogD3D11RHI: D3D11 adapters:
[2020.12.01-01.12.57:630][  0]LogD3D11RHI:    0. 'NVIDIA GeForce GTX 1080' (Feature Level 11_0)
[2020.12.01-01.12.57:630][  0]LogD3D11RHI:       8079/0/8169 MB DedicatedVideo/DedicatedSystem/SharedSystem, Outputs:1, VendorId:0x10de
[2020.12.01-01.12.57:633][  0]LogD3D11RHI:    1. 'Microsoft Basic Render Driver' (Feature Level 11_0)
[2020.12.01-01.12.57:633][  0]LogD3D11RHI:       0/0/8169 MB DedicatedVideo/DedicatedSystem/SharedSystem, Outputs:0, VendorId:0x1414
[2020.12.01-01.12.57:633][  0]LogD3D11RHI: Chosen D3D11 Adapter: 0
[2020.12.01-01.12.57:641][  0]LogD3D11RHI: Creating new Direct3DDevice
[2020.12.01-01.12.57:641][  0]LogD3D11RHI:     GPU DeviceId: 0x1be0 (for the marketing name, search the web for "GPU Device Id")
[2020.12.01-01.12.57:641][  0]LogWindows: EnumDisplayDevices:
[2020.12.01-01.12.57:641][  0]LogWindows:    0. 'NVIDIA GeForce GTX 1080' (P:1 D:1)
[2020.12.01-01.12.57:641][  0]LogWindows:    1. 'NVIDIA GeForce GTX 1080' (P:0 D:0)
[2020.12.01-01.12.57:642][  0]LogWindows:    2. 'NVIDIA GeForce GTX 1080' (P:0 D:0)
[2020.12.01-01.12.57:642][  0]LogWindows:    3. 'NVIDIA GeForce GTX 1080' (P:0 D:0)
[2020.12.01-01.12.57:642][  0]LogWindows: DebugString: FoundDriverCount:4 
[2020.12.01-01.12.57:642][  0]LogD3D11RHI:     Adapter Name: NVIDIA GeForce GTX 1080
[2020.12.01-01.12.57:642][  0]LogD3D11RHI:   Driver Version: 456.71 (internal:27.21.14.5671, unified:456.71)
[2020.12.01-01.12.57:642][  0]LogD3D11RHI:      Driver Date: 9-30-2020
[2020.12.01-01.12.57:642][  0]LogRHI: Texture pool is 5655 MB (70% of 8079 MB)
[2020.12.01-01.12.57:704][  0]LogD3D11RHI: RHI has support for 64 bit atomics
[2020.12.01-01.12.57:704][  0]LogD3D11RHI: Async texture creation enabled
[2020.12.01-01.12.57:704][  0]LogD3D11RHI: Array index from any shader is supported
[2020.12.01-01.12.57:737][  0]LogD3D11RHI: GPU Timing Frequency: 1000.000000 (Debug: 2 1)
[2020.12.01-01.12.58:070][  0]LogTargetPlatformManager: Display: Loaded TargetPlatform 'AllDesktop'
[2020.12.01-01.12.58:093][  0]LogTargetPlatformManager: Display: Loaded TargetPlatform 'Android'
[2020.12.01-01.12.58:093][  0]LogTargetPlatformManager: Display: Loaded TargetPlatform 'Android_ASTC'
[2020.12.01-01.12.58:093][  0]LogTargetPlatformManager: Display: Loaded TargetPlatform 'Android_DXT'
[2020.12.01-01.12.58:093][  0]LogTargetPlatformManager: Display: Loaded TargetPlatform 'Android_ETC2'
[2020.12.01-01.12.58:093][  0]LogTargetPlatformManager: Display: Loaded TargetPlatform 'AndroidClient'
[2020.12.01-01.12.58:093][  0]LogTargetPlatformManager: Display: Loaded TargetPlatform 'Android_ASTCClient'
[2020.12.01-01.12.58:093][  0]LogTargetPlatformManager: Display: Loaded TargetPlatform 'Android_DXTClient'
[2020.12.01-01.12.58:093][  0]LogTargetPlatformManager: Display: Loaded TargetPlatform 'Android_ETC2Client'
[2020.12.01-01.12.58:093][  0]LogTargetPlatformManager: Display: Loaded TargetPlatform 'Android_Multi'
[2020.12.01-01.12.58:093][  0]LogTargetPlatformManager: Display: Loaded TargetPlatform 'Android_MultiClient'
[2020.12.01-01.12.58:117][  0]LogTargetPlatformManager: Display: Loaded TargetPlatform 'IOSClient'
[2020.12.01-01.12.58:117][  0]LogTargetPlatformManager: Display: Loaded TargetPlatform 'IOS'
[2020.12.01-01.12.58:127][  0]LogTargetPlatformManager: Display: Loaded TargetPlatform 'Linux'
[2020.12.01-01.12.58:137][  0]LogTargetPlatformManager: Display: Loaded TargetPlatform 'LinuxNoEditor'
[2020.12.01-01.12.58:147][  0]LogTargetPlatformManager: Display: Loaded TargetPlatform 'LinuxClient'
[2020.12.01-01.12.58:156][  0]LogTargetPlatformManager: Display: Loaded TargetPlatform 'LinuxServer'
[2020.12.01-01.12.58:167][  0]LogTargetPlatformManager: Display: Loaded TargetPlatform 'LinuxAArch64NoEditor'
[2020.12.01-01.12.58:176][  0]LogTargetPlatformManager: Display: Loaded TargetPlatform 'LinuxAArch64Client'
[2020.12.01-01.12.58:185][  0]LogTargetPlatformManager: Display: Loaded TargetPlatform 'LinuxAArch64Server'
[2020.12.01-01.12.58:215][  0]LogTargetPlatformManager: Display: Loaded TargetPlatform 'Lumin'
[2020.12.01-01.12.58:215][  0]LogTargetPlatformManager: Display: Loaded TargetPlatform 'LuminClient'
[2020.12.01-01.12.58:231][  0]LogTargetPlatformManager: Display: Loaded TargetPlatform 'TVOSClient'
[2020.12.01-01.12.58:231][  0]LogTargetPlatformManager: Display: Loaded TargetPlatform 'TVOS'
[2020.12.01-01.12.58:240][  0]LogTargetPlatformManager: Display: Loaded TargetPlatform 'WindowsNoEditor'
[2020.12.01-01.12.58:250][  0]LogTargetPlatformManager: Display: Loaded TargetPlatform 'Windows'
[2020.12.01-01.12.58:260][  0]LogTargetPlatformManager: Display: Loaded TargetPlatform 'WindowsClient'
[2020.12.01-01.12.58:269][  0]LogTargetPlatformManager: Display: Loaded TargetPlatform 'WindowsServer'
[2020.12.01-01.12.58:269][  0]LogTargetPlatformManager: Display: Building Assets For Windows
[2020.12.01-01.12.58:278][  0]LogAudioDebug: Display: Lib vorbis DLL was dynamically loaded.
[2020.12.01-01.12.58:344][  0]LogShaderCompilers: Guid format shader working directory is -4 characters bigger than the processId version (D:/Unreal Projects/Building Escape/Building_Escape/Intermediate/Shaders/WorkingDirectory/5328/).
[2020.12.01-01.12.58:344][  0]LogShaderCompilers: Cleaned the shader compiler working directory 'C:/Users/mmuro/AppData/Local/Temp/UnrealShaderWorkingDir/8D3E40AA421134171B643EA8B13073B5/'.
[2020.12.01-01.12.58:344][  0]LogXGEController: Cleaning working directory: C:/Users/mmuro/AppData/Local/Temp/UnrealXGEWorkingDir/
[2020.12.01-01.12.58:344][  0]LogXGEController: Cannot use XGE Controller as Incredibuild is not installed on this machine.
[2020.12.01-01.12.58:346][  0]LogShaderCompilers: Cannot use XGE Shader Compiler as Incredibuild is not installed on this machine.
[2020.12.01-01.12.58:346][  0]LogShaderCompilers: Display: Using Local Shader Compiler.
[2020.12.01-01.12.59:123][  0]LogDerivedDataCache: Display: Max Cache Size: 512 MB
[2020.12.01-01.12.59:191][  0]LogDerivedDataCache: Loaded boot cache 0.07s 76MB C:/Users/mmuro/AppData/Local/UnrealEngine/4.25/DerivedDataCache/Boot.ddc.
[2020.12.01-01.12.59:191][  0]LogDerivedDataCache: Display: Loaded Boot cache: C:/Users/mmuro/AppData/Local/UnrealEngine/4.25/DerivedDataCache/Boot.ddc
[2020.12.01-01.12.59:191][  0]LogDerivedDataCache: FDerivedDataBackendGraph:  Pak pak cache file D:/Unreal Projects/Building Escape/Building_Escape/DerivedDataCache/DDC.ddp not found, will not use a pak cache.
[2020.12.01-01.12.59:191][  0]LogDerivedDataCache: Unable to find inner node Pak for hierarchical cache Hierarchy.
[2020.12.01-01.12.59:191][  0]LogDerivedDataCache: FDerivedDataBackendGraph:  CompressedPak pak cache file D:/Unreal Projects/Building Escape/Building_Escape/DerivedDataCache/Compressed.ddp not found, will not use a pak cache.
[2020.12.01-01.12.59:191][  0]LogDerivedDataCache: Unable to find inner node CompressedPak for hierarchical cache Hierarchy.
[2020.12.01-01.12.59:201][  0]LogDerivedDataCache: Display: Pak cache opened for reading ../../../Engine/DerivedDataCache/Compressed.ddp.
[2020.12.01-01.12.59:202][  0]LogDerivedDataCache: FDerivedDataBackendGraph:  EnterprisePak pak cache file ../../../Enterprise/DerivedDataCache/Compressed.ddp not found, will not use a pak cache.
[2020.12.01-01.12.59:202][  0]LogDerivedDataCache: Unable to find inner node EnterprisePak for hierarchical cache Hierarchy.
[2020.12.01-01.12.59:203][  0]LogDerivedDataCache: Using Local data cache path C:/Users/mmuro/AppData/Local/UnrealEngine/Common/DerivedDataCache: Writable
[2020.12.01-01.12.59:203][  0]LogDerivedDataCache: Shared data cache path not found in *engine.ini, will not use an Shared cache.
[2020.12.01-01.12.59:203][  0]LogDerivedDataCache: Unable to find inner node Shared for hierarchical cache Hierarchy.
[2020.12.01-01.12.59:257][  0]LogSlate: Using FreeType 2.10.0
[2020.12.01-01.12.59:258][  0]LogSlate: SlateFontServices - WITH_FREETYPE: 1, WITH_HARFBUZZ: 1
[2020.12.01-01.12.59:288][  0]LogAssetRegistry: FAssetRegistry took 0.0024 seconds to start up
[2020.12.01-01.12.59:542][  0]LogInit: Selected Device Profile: [Windows]
[2020.12.01-01.12.59:661][  0]LogMeshReduction: Using QuadricMeshReduction for automatic static mesh reduction
[2020.12.01-01.12.59:661][  0]LogMeshReduction: Using SimplygonMeshReduction for automatic skeletal mesh reduction
[2020.12.01-01.12.59:661][  0]LogMeshReduction: Using ProxyLODMeshReduction for automatic mesh merging
[2020.12.01-01.12.59:661][  0]LogMeshReduction: No distributed automatic mesh merging module available
[2020.12.01-01.12.59:661][  0]LogMeshMerging: No distributed automatic mesh merging module available
[2020.12.01-01.12.59:678][  0]LogNetVersion: Building_Escape 1.0.0, NetCL: 13144385, EngineNetVer: 14, GameNetVer: 0 (Checksum: 2036657434)
[2020.12.01-01.13.00:173][  0]LogAISub: UAISubsystem::UAISubsystem AISubsystem (0000019D4A008340), frame # 0
[2020.12.01-01.13.00:173][  0]LogAISub: UAISubsystem::UAISubsystem AIPerceptionSystem (0000019D4AF17C40), frame # 0
[2020.12.01-01.13.00:174][  0]LogAISub: UAISubsystem::UAISubsystem EnvQueryManager (0000019D4AF6DE00), frame # 0
[2020.12.01-01.13.00:246][  0]LogPackageLocalizationCache: Processed 21 localized package path(s) for 1 prioritized culture(s) in 0.064054 seconds
[2020.12.01-01.13.00:252][  0]LogUObjectArray: 15917 objects as part of root set at end of initial load.
[2020.12.01-01.13.00:252][  0]LogUObjectAllocator: 3965568 out of 0 bytes used by permanent object pool.
[2020.12.01-01.13.00:252][  0]LogUObjectArray: CloseDisregardForGC: 0/0 objects in disregard for GC pool
[2020.12.01-01.13.00:508][  0]LogPython: Using Python 2.7.14
[2020.12.01-01.13.01:381][  0]LogTcpMessaging: Initializing TcpMessaging bridge
[2020.12.01-01.13.01:385][  0]LogUdpMessaging: Initializing bridge on interface 0.0.0.0:0 to multicast group 230.0.0.1:6666.
[2020.12.01-01.13.01:504][  0]SourceControl: Source control is disabled
[2020.12.01-01.13.01:505][  0]SourceControl: Source control is disabled
[2020.12.01-01.13.01:508][  0]SourceControl: Source control is disabled
[2020.12.01-01.13.01:512][  0]SourceControl: Source control is disabled
[2020.12.01-01.13.01:519][  0]SourceControl: Source control is disabled
[2020.12.01-01.13.01:862][  0]LogAndroidPermission: UAndroidPermissionCallbackProxy::GetInstance
[2020.12.01-01.13.01:897][  0]LogAudioCaptureCore: Display: No Audio Capture implementations found. Audio input will be silent.
[2020.12.01-01.13.01:897][  0]LogAudioCaptureCore: Display: No Audio Capture implementations found. Audio input will be silent.
[2020.12.01-01.13.01:979][  0]LogOcInput: OculusInput pre-init called
[2020.12.01-01.13.01:992][  0]LogWindows: Failed to load 'OVRPlugin.dll' (GetLastError=126)
[2020.12.01-01.13.01:992][  0]LogWindows: File 'OVRPlugin.dll' does not exist
[2020.12.01-01.13.02:457][  0]LogEngine: Initializing Engine...
[2020.12.01-01.13.02:459][  0]LogHMD: Failed to initialize OpenVR with code 110
[2020.12.01-01.13.02:459][  0]LogMagicLeap: Warning: VR disabled because ZI is not enabled.  To enable, in the editor, Edit -> Project Settings -> Plugins -> Magic Leap Plugin -> Enable Zero Iteration
[2020.12.01-01.13.02:459][  0]LogStats: UGameplayTagsManager::InitializeManager -  0.000 s
[2020.12.01-01.13.02:593][  0]LogInit: Initializing FReadOnlyCVARCache
[2020.12.01-01.13.02:603][  0]LogAIModule: Creating AISystem for world Untitled
[2020.12.01-01.13.02:603][  0]LogAISub: UAISubsystem::UAISubsystem EnvQueryManager (0000019D5A25E200), frame # 0
[2020.12.01-01.13.02:603][  0]LogAISub: UAISubsystem::UAISubsystem AIPerceptionSystem (0000019D5A267880), frame # 0
[2020.12.01-01.13.02:628][  0]LogAudioMixer: Display: Audio Mixer Platform Settings:
[2020.12.01-01.13.02:628][  0]LogAudioMixer: Display: 	Sample Rate:						  48000
[2020.12.01-01.13.02:628][  0]LogAudioMixer: Display: 	Callback Buffer Frame Size Requested: 1024
[2020.12.01-01.13.02:628][  0]LogAudioMixer: Display: 	Callback Buffer Frame Size To Use:	  1024
[2020.12.01-01.13.02:628][  0]LogAudioMixer: Display: 	Number of buffers to queue:			  2
[2020.12.01-01.13.02:628][  0]LogAudioMixer: Display: 	Max Channels (voices):				  32
[2020.12.01-01.13.02:628][  0]LogAudioMixer: Display: 	Number of Async Source Workers:		  0
[2020.12.01-01.13.02:628][  0]LogAudio: Display: AudioDevice MaxSources: 32
[2020.12.01-01.13.02:628][  0]LogAudio: Display: Using built-in audio occlusion.
[2020.12.01-01.13.02:628][  0]LogAudioMixer: Display: Initializing audio mixer.
[2020.12.01-01.13.02:641][  0]LogAudioMixer: Display: 0: FrontLeft
[2020.12.01-01.13.02:641][  0]LogAudioMixer: Display: 1: FrontRight
[2020.12.01-01.13.03:007][  0]LogAudioMixer: Display: Using Audio Device Speakers (Realtek High Definition Audio)
[2020.12.01-01.13.03:008][  0]LogAudioMixer: Display: Initializing Sound Submixes...
[2020.12.01-01.13.03:010][  0]LogAudioMixer: Display: Creating Master Submix 'MasterSubmixDefault'
[2020.12.01-01.13.03:010][  0]LogAudioMixer: Display: Creating Master Submix 'MasterReverbSubmixDefault'
[2020.12.01-01.13.03:011][  0]LogAudioMixer: Display: Creating Master Submix 'MasterEQSubmixDefault'
[2020.12.01-01.13.03:012][  0]LogInit: FAudioDevice initialized.
[2020.12.01-01.13.03:012][  0]LogNetVersion: Set ProjectVersion to 1.0.0.0. Version Checksum will be recalculated on next use.
[2020.12.01-01.13.03:076][  0]LogDerivedDataCache: Saved boot cache 0.06s 76MB C:/Users/mmuro/AppData/Local/UnrealEngine/4.25/DerivedDataCache/Boot.ddc.
[2020.12.01-01.13.03:081][  0]LogInit: Texture streaming: Enabled
[2020.12.01-01.13.03:097][  0]LogEngineSessionManager: EngineSessionManager initialized
[2020.12.01-01.13.03:097][  0]LogEditorSessionSummary: Verbose: Initializing EditorSessionSummaryWriter for editor session tracking
[2020.12.01-01.13.03:100][  0]LogEditorSessionSummary: EditorSessionSummaryWriter initialized
[2020.12.01-01.13.03:158][  0]LogInit: Transaction tracking system initialized
[2020.12.01-01.13.03:177][  0]BlueprintLog: New page: Editor Load
[2020.12.01-01.13.03:251][  0]LocalizationService: Localization service is disabled
[2020.12.01-01.13.03:433][  0]LogCook: Display: Max memory allowance for cook 16384mb min free memory 0mb
[2020.12.01-01.13.03:433][  0]LogCook: Display: Mobile HDR setting 1
[2020.12.01-01.13.03:596][  0]LogFileCache: Scanning file cache for directory 'D:/Unreal Projects/Building Escape/Building_Escape/Content/' took 0.00s
[2020.12.01-01.13.03:841][  0]SourceControl: Source control is disabled
[2020.12.01-01.13.03:841][  0]LogUnrealEdMisc: Loading editor; pre map load, took 8.479
[2020.12.01-01.13.03:841][  0]Cmd: MAP LOAD FILE="D:/Unreal Projects/Building Escape/Building_Escape/Content/Levels/Main.umap" TEMPLATE=0 SHOWPROGRESS=1 FEATURELEVEL=3
[2020.12.01-01.13.03:842][  0]LightingResults: New page: Lighting Build
[2020.12.01-01.13.03:843][  0]LogWorld: UWorld::CleanupWorld for Untitled, bSessionEnded=true, bCleanupResources=true
[2020.12.01-01.13.03:843][  0]LogSlate: InvalidateAllWidgets triggered.  All widgets were invalidated
[2020.12.01-01.13.03:843][  0]MapCheck: New page: Map Check
[2020.12.01-01.13.03:843][  0]LightingResults: New page: Lighting Build
[2020.12.01-01.13.03:853][  0]LogAISub: UAISubsystem::~UAISubsystem EnvQueryManager (0000019D5A25E200), frame # 0
[2020.12.01-01.13.03:853][  0]LogAISub: UAISubsystem::~UAISubsystem AIPerceptionSystem (0000019D5A267880), frame # 0
[2020.12.01-01.13.03:853][  0]LogUObjectHash: Compacting FUObjectHashTables data took   0.62ms
[2020.12.01-01.13.04:001][  0]LogAIModule: Creating AISystem for world Main
[2020.12.01-01.13.04:002][  0]LogAISub: UAISubsystem::UAISubsystem EnvQueryManager (0000019D3B6BDC00), frame # 0
[2020.12.01-01.13.04:002][  0]LogAISub: UAISubsystem::UAISubsystem AIPerceptionSystem (0000019D3B6DD940), frame # 0
[2020.12.01-01.13.04:002][  0]LogModelComponent: Warning: Material Medieval_Iron_Door_ub1gfbwew_surface_inst requires adjacency information because of Crack Free Displacement or PN Triangle Tesselation, which is not supported with model components. Falling back to DefaultMaterial.
[2020.12.01-01.13.04:002][  0]LogModelComponent: Warning: Material Castle_Stone_Wall_2x2_M_tbhoajkr_surface_inst requires adjacency information because of Crack Free Displacement or PN Triangle Tesselation, which is not supported with model components. Falling back to DefaultMaterial.
[2020.12.01-01.13.04:002][  0]LogModelComponent: Warning: Material Medieval_Iron_Door_ub1gfbwew_surface_inst requires adjacency information because of Crack Free Displacement or PN Triangle Tesselation, which is not supported with model components. Falling back to DefaultMaterial.
[2020.12.01-01.13.04:002][  0]LogModelComponent: Warning: Material Medieval_Iron_Door_ub1gfbwew_surface_inst requires adjacency information because of Crack Free Displacement or PN Triangle Tesselation, which is not supported with model components. Falling back to DefaultMaterial.
[2020.12.01-01.13.04:002][  0]LogModelComponent: Warning: Material Medieval_Iron_Door_ub1gfbwew_surface_inst requires adjacency information because of Crack Free Displacement or PN Triangle Tesselation, which is not supported with model components. Falling back to DefaultMaterial.
[2020.12.01-01.13.04:002][  0]LogModelComponent: Warning: Material Castle_Stone_Wall_2x2_M_tbhoajkr_surface_inst requires adjacency information because of Crack Free Displacement or PN Triangle Tesselation, which is not supported with model components. Falling back to DefaultMaterial.
[2020.12.01-01.13.04:008][  0]LogEditorServer: Finished looking for orphan Actors (0.000 secs)
[2020.12.01-01.13.04:022][  0]LogUObjectHash: Compacting FUObjectHashTables data took   0.81ms
[2020.12.01-01.13.04:023][  0]Cmd: MAP CHECKDEP NOCLEARLOG
[2020.12.01-01.13.04:023][  0]MapCheck: Map check complete: 0 Error(s), 0 Warning(s), took 0.097ms to complete.
[2020.12.01-01.13.04:023][  0]LogFileHelpers: Loading map 'Main' took 0.181
[2020.12.01-01.13.04:025][  0]LogUnrealEdMisc: Total Editor Startup Time, took 8.662
[2020.12.01-01.13.04:145][  0]LogSlate: Updating window title bar state: overlay mode, drag disabled, window buttons hidden, title bar hidden
[2020.12.01-01.13.04:152][  0]LogSlate: Updating window title bar state: overlay mode, drag disabled, window buttons hidden, title bar hidden
[2020.12.01-01.13.04:160][  0]LogSlate: Updating window title bar state: overlay mode, drag disabled, window buttons hidden, title bar hidden
[2020.12.01-01.13.04:166][  0]LogSlate: Updating window title bar state: overlay mode, drag disabled, window buttons hidden, title bar hidden
[2020.12.01-01.13.04:173][  0]LogCollectionManager: Loaded 0 collections in 0.001920 seconds
[2020.12.01-01.13.04:189][  0]LogFileCache: Scanning file cache for directory 'D:/Unreal Projects/Building Escape/Building_Escape/Saved/Collections/' took 0.00s
[2020.12.01-01.13.04:189][  0]LogFileCache: Scanning file cache for directory 'D:/Unreal Projects/Building Escape/Building_Escape/Content/Developers/mmuro/Collections/' took 0.00s
[2020.12.01-01.13.04:189][  0]LogFileCache: Scanning file cache for directory 'D:/Unreal Projects/Building Escape/Building_Escape/Content/Collections/' took 0.00s
[2020.12.01-01.13.04:189][  0]LogContentBrowser: Native class hierarchy populated in 0.0108 seconds. Added 3449 classes and 831 folders.
[2020.12.01-01.13.04:193][  0]LogContentBrowser: Native class hierarchy updated for 'WidgetCarousel' in 0.0004 seconds. Added 0 classes and 0 folders.
[2020.12.01-01.13.04:312][  0]LogContentBrowser: Native class hierarchy updated for 'AddContentDialog' in 0.0003 seconds. Added 0 classes and 0 folders.
[2020.12.01-01.13.04:317][  0]LogContentBrowser: Native class hierarchy updated for 'SceneOutliner' in 0.0006 seconds. Added 2 classes and 0 folders.
[2020.12.01-01.13.04:348][  0]LogSlate: Took 0.000317 seconds to synchronously load lazily loaded font '../../../Engine/Content/Slate/Fonts/Roboto-Regular.ttf' (155K)
[2020.12.01-01.13.04:350][  0]LogSlate: Took 0.000203 seconds to synchronously load lazily loaded font '../../../Engine/Content/Slate/Fonts/Roboto-Bold.ttf' (160K)
[2020.12.01-01.13.04:354][  0]LogSlate: Took 0.000176 seconds to synchronously load lazily loaded font '../../../Engine/Content/Editor/Slate/Fonts/FontAwesome.ttf' (139K)
[2020.12.01-01.13.04:355][  0]LogSlate: Took 0.000161 seconds to synchronously load lazily loaded font '../../../Engine/Content/Slate/Fonts/DroidSansMono.ttf' (77K)
[2020.12.01-01.13.04:485][  0]LogRenderer: Reallocating scene render targets to support 1184x688 Format 9 NumSamples 1 (Frame:1).
[2020.12.01-01.13.04:600][  0]LogContentBrowser: Native class hierarchy updated for 'HierarchicalLODOutliner' in 0.0003 seconds. Added 0 classes and 0 folders.
[2020.12.01-01.13.04:600][  0]LogLoad: (Engine Initialization) Total time: 9.24 seconds
[2020.12.01-01.13.04:600][  0]LogLoad: (Engine Initialization) Total Blueprint compile time: 0.00 seconds
[2020.12.01-01.13.04:648][  0]LogAssetRegistry: Asset discovery search completed in 5.3602 seconds
[2020.12.01-01.13.04:652][  0]LogCollectionManager: Fixed up redirectors for 0 collections in 0.000002 seconds (updated 0 objects)
[2020.12.01-01.13.04:653][  0]LogContentStreaming: Texture pool size now 800 MB
[2020.12.01-03.13.04:799][350]LogHttp: Warning: 0000019D6B4A0100: invalid HTTP response code received. URL: https://datarouter.ol.epicgames.com/datarouter/api/v1/public/data?SessionID=%7B4AEA5D45-452E-E834-700E-6496A8157CC3%7D&AppID=UEEditor.Rocket.Release&AppVersion=4.25.4-14469661%2B%2B%2BUE4%2BRelease-4.25&UserID=b697f1914411d04165f9359b8e0755fc%7C7c9392cbbd3d46fbaeef4ee164e64cb6%7C37c1a7b9-0548-468e-8e9d-d016dcb9a088&AppEnvironment=datacollector-source&UploadType=eteventstream, HTTP code: 0, content length: 0, actual payload size: 0
[2020.12.01-03.13.04:799][350]LogHttp: Warning: 0000019D6B4A0100: request failed, libcurl error: 6 (Couldn't resolve host name)
[2020.12.01-03.13.04:799][350]LogHttp: Warning: 0000019D6B4A0100: libcurl info message cache 0 (Connection 40 seems to be dead!)
[2020.12.01-03.13.04:799][350]LogHttp: Warning: 0000019D6B4A0100: libcurl info message cache 1 (Closing connection 40)
[2020.12.01-03.13.04:799][350]LogHttp: Warning: 0000019D6B4A0100: libcurl info message cache 2 (Could not resolve host: datarouter.ol.epicgames.com)
[2020.12.01-03.13.04:799][350]LogHttp: Warning: 0000019D6B4A0100: libcurl info message cache 3 (Closing connection 41)
[2020.12.01-03.13.04:799][350]LogHttp: Warning: Retry exhausted on https://datarouter.ol.epicgames.com/datarouter/api/v1/public/data?SessionID=%7B4AEA5D45-452E-E834-700E-6496A8157CC3%7D&AppID=UEEditor.Rocket.Release&AppVersion=4.25.4-14469661%2B%2B%2BUE4%2BRelease-4.25&UserID=b697f1914411d04165f9359b8e0755fc%7C7c9392cbbd3d46fbaeef4ee164e64cb6%7C37c1a7b9-0548-468e-8e9d-d016dcb9a088&AppEnvironment=datacollector-source&UploadType=eteventstream
[2020.12.01-03.54.28:768][793]LogEditorViewport: Clicking on Actor (LMB): StaticMeshActor (Floor)
[2020.12.01-04.02.27:702][492]LogHotReload: New module detected: UE4Editor-Building_Escape-0044.dll
[2020.12.01-04.02.29:390][498]LogHotReload: Starting Hot-Reload from IDE
[2020.12.01-04.02.29:404][498]LogSlate: Took 0.006379 seconds to synchronously load lazily loaded font '../../../Engine/Content/Slate/Fonts/Roboto-Light.ttf' (167K)
[2020.12.01-04.02.29:509][498]LogClass: Could not find existing class OpenDoor in package /Script/Building_Escape for HotReload, assuming new class
[2020.12.01-04.02.29:517][498]LogHotReload: Re-instancing OpenDoor after hot-reload.
[2020.12.01-04.02.29:537][498]LogContentBrowser: Native class hierarchy updated for 'Building_Escape' in 0.0020 seconds. Added 3 classes and 3 folders.
[2020.12.01-04.02.29:556][498]Display: HotReload successful (0 functions remapped  0 scriptstructs remapped)
[2020.12.01-04.02.29:649][498]LogContentBrowser: Native class hierarchy populated in 0.0140 seconds. Added 3449 classes and 831 folders.
[2020.12.01-04.02.29:653][498]Display: HotReload took  0.3s.
[2020.12.01-04.03.10:649][763]LogTemp: Repeating last play command: Selected Viewport
[2020.12.01-04.03.10:678][763]LogPlayLevel: PlayLevel: No blueprints needed recompiling
[2020.12.01-04.03.10:679][763]PIE: New page: PIE session: Main (Nov 30, 2020, 12:03:10 PM)
[2020.12.01-04.03.10:683][763]LogOnline: OSS: Creating online subsystem instance for: NULL
[2020.12.01-04.03.10:685][763]LogOnline: OSS: TryLoadSubsystemAndSetDefault: Loaded subsystem for module [NULL]
[2020.12.01-04.03.10:685][763]LogPlayLevel: Creating play world package: /Game/Levels/UEDPIE_0_Main
[2020.12.01-04.03.10:733][763]LogPlayLevel: PIE: StaticDuplicateObject took: (0.047402s)
[2020.12.01-04.03.10:735][763]LogAIModule: Creating AISystem for world Main
[2020.12.01-04.03.10:735][763]LogAISub: UAISubsystem::UAISubsystem EnvQueryManager (0000019D7EE5BE00), frame # 110763
[2020.12.01-04.03.10:735][763]LogAISub: UAISubsystem::UAISubsystem AIPerceptionSystem (0000019D7EED9300), frame # 110763
[2020.12.01-04.03.10:735][763]LogPlayLevel: PIE: World Init took: (0.002882s)
[2020.12.01-04.03.10:735][763]LogPlayLevel: PIE: Created PIE world by copying editor world from /Game/Levels/Main.Main to /Game/Levels/UEDPIE_0_Main.Main (0.050792s)
[2020.12.01-04.03.10:748][763]LogUObjectHash: Compacting FUObjectHashTables data took   1.66ms
[2020.12.01-04.03.10:783][763]LogAudioMixer: Display: Audio Mixer Platform Settings:
[2020.12.01-04.03.10:783][763]LogAudioMixer: Display: 	Sample Rate:						  48000
[2020.12.01-04.03.10:783][763]LogAudioMixer: Display: 	Callback Buffer Frame Size Requested: 1024
[2020.12.01-04.03.10:783][763]LogAudioMixer: Display: 	Callback Buffer Frame Size To Use:	  1024
[2020.12.01-04.03.10:783][763]LogAudioMixer: Display: 	Number of buffers to queue:			  2
[2020.12.01-04.03.10:783][763]LogAudioMixer: Display: 	Max Channels (voices):				  32
[2020.12.01-04.03.10:783][763]LogAudioMixer: Display: 	Number of Async Source Workers:		  0
[2020.12.01-04.03.10:783][763]LogAudio: Display: AudioDevice MaxSources: 32
[2020.12.01-04.03.10:784][763]LogAudio: Display: Using built-in audio occlusion.
[2020.12.01-04.03.10:784][763]LogAudioMixer: Display: Initializing audio mixer.
[2020.12.01-04.03.10:788][763]LogAudioMixer: Display: 0: FrontLeft
[2020.12.01-04.03.10:789][763]LogAudioMixer: Display: 1: FrontRight
[2020.12.01-04.03.10:842][763]LogAudioMixer: Display: Using Audio Device Speakers (Realtek High Definition Audio)
[2020.12.01-04.03.10:843][763]LogAudioMixer: Display: Initializing Sound Submixes...
[2020.12.01-04.03.10:844][763]LogAudioMixer: Display: Creating Master Submix 'MasterSubmixDefault'
[2020.12.01-04.03.10:844][763]LogAudioMixer: Display: Creating Master Submix 'MasterReverbSubmixDefault'
[2020.12.01-04.03.10:846][763]LogAudioMixer: Display: Creating Master Submix 'MasterEQSubmixDefault'
[2020.12.01-04.03.10:858][763]LogInit: FAudioDevice initialized.
[2020.12.01-04.03.10:877][763]LogLoad: Game class is 'GameModeBase'
[2020.12.01-04.03.10:879][763]LogModelComponent: Warning: Material Medieval_Iron_Door_ub1gfbwew_surface_inst requires adjacency information because of Crack Free Displacement or PN Triangle Tesselation, which is not supported with model components. Falling back to DefaultMaterial.
[2020.12.01-04.03.10:879][763]LogModelComponent: Warning: Material Castle_Stone_Wall_2x2_M_tbhoajkr_surface_inst requires adjacency information because of Crack Free Displacement or PN Triangle Tesselation, which is not supported with model components. Falling back to DefaultMaterial.
[2020.12.01-04.03.10:880][763]LogModelComponent: Warning: Material Medieval_Iron_Door_ub1gfbwew_surface_inst requires adjacency information because of Crack Free Displacement or PN Triangle Tesselation, which is not supported with model components. Falling back to DefaultMaterial.
[2020.12.01-04.03.10:880][763]LogModelComponent: Warning: Material Medieval_Iron_Door_ub1gfbwew_surface_inst requires adjacency information because of Crack Free Displacement or PN Triangle Tesselation, which is not supported with model components. Falling back to DefaultMaterial.
[2020.12.01-04.03.10:880][763]LogModelComponent: Warning: Material Medieval_Iron_Door_ub1gfbwew_surface_inst requires adjacency information because of Crack Free Displacement or PN Triangle Tesselation, which is not supported with model components. Falling back to DefaultMaterial.
[2020.12.01-04.03.10:880][763]LogModelComponent: Warning: Material Castle_Stone_Wall_2x2_M_tbhoajkr_surface_inst requires adjacency information because of Crack Free Displacement or PN Triangle Tesselation, which is not supported with model components. Falling back to DefaultMaterial.
[2020.12.01-04.03.10:880][763]LogWorld: Bringing World /Game/Levels/UEDPIE_0_Main.Main up for play (max tick rate 60) at 2020.11.30-20.03.10
[2020.12.01-04.03.10:881][763]LogWorld: Bringing up level for play took: 0.001385
[2020.12.01-04.03.10:881][763]LogOnline: OSS: Creating online subsystem instance for: :Context_3
[2020.12.01-04.03.10:912][763]LogContentBrowser: Native class hierarchy updated for 'MovieSceneCapture' in 0.0004 seconds. Added 20 classes and 0 folders.
[2020.12.01-04.03.10:913][763]LogTemp: Warning: Sphere_2 is at X=180.000 Y=-50.000 Z=170.000.
[2020.12.01-04.03.10:913][763]LogTemp: Warning: Cube_5 is at X=200.000 Y=210.000 Z=180.000.
[2020.12.01-04.03.10:914][763]PIE: Server logged in
[2020.12.01-04.03.10:917][763]PIE: Play in editor total start time 0.246 seconds.
[2020.12.01-04.03.37:123][330]LogSlate: Updating window title bar state: overlay mode, drag disabled, window buttons hidden, title bar hidden
[2020.12.01-04.03.37:123][330]LogWorld: BeginTearingDown for /Game/Levels/UEDPIE_0_Main
[2020.12.01-04.03.37:123][330]LogWorld: UWorld::CleanupWorld for Main, bSessionEnded=true, bCleanupResources=true
[2020.12.01-04.03.37:123][330]LogSlate: InvalidateAllWidgets triggered.  All widgets were invalidated
[2020.12.01-04.03.37:133][330]LogPlayLevel: Display: Shutting down PIE online subsystems
[2020.12.01-04.03.37:135][330]LogSlate: InvalidateAllWidgets triggered.  All widgets were invalidated
[2020.12.01-04.03.37:166][330]LogSlate: Updating window title bar state: overlay mode, drag disabled, window buttons hidden, title bar hidden
[2020.12.01-04.03.37:167][330]LogAISub: UAISubsystem::~UAISubsystem EnvQueryManager (0000019D7EE5BE00), frame # 112330
[2020.12.01-04.03.37:167][330]LogAISub: UAISubsystem::~UAISubsystem AIPerceptionSystem (0000019D7EED9300), frame # 112330
[2020.12.01-04.03.37:168][330]LogUObjectHash: Compacting FUObjectHashTables data took   0.72ms
[2020.12.01-04.03.37:209][331]LogPlayLevel: Display: Destroying online subsystem :Context_3
[2020.12.01-04.06.52:667][ 48]Candidate modules for hot reload:
[2020.12.01-04.06.52:667][ 48]  Building_Escape
[2020.12.01-04.06.52:667][ 48]Launching UnrealBuildTool... [C:/Program Files/Epic Games/UE_4.25/Engine/Binaries/DotNET/UnrealBuildTool.exe  -ModuleWithSuffix=Building_Escape,8638 Building_EscapeEditor Win64 Development -Project="D:/Unreal Projects/Building Escape/Building_Escape/Building_Escape.uproject" "D:/Unreal Projects/Building Escape/Building_Escape/Building_Escape.uproject"  -IgnoreJunk]
[2020.12.01-04.06.52:669][ 48]Warning: Starting HotReload took  0.0s.
[2020.12.01-04.06.55:823][175]CompilerResultsLog: New page: Compilation - Nov 30, 2020, 12:06:55 PM
[2020.12.01-04.06.55:823][175]CompilerResultsLog: Using 'git status' to determine working set for adaptive non-unity build (D:\Unreal Projects\Building Escape).
[2020.12.01-04.06.55:823][175]CompilerResultsLog: Building Building_EscapeEditor...
[2020.12.01-04.06.55:823][175]CompilerResultsLog: Using Visual Studio 2017 14.16.27042 toolchain (C:\Program Files (x86)\Microsoft Visual Studio\2017\Community\VC\Tools\MSVC\14.16.27023) and Windows 10.0.16299.0 SDK (C:\Program Files (x86)\Windows Kits\10).
[2020.12.01-04.06.55:823][175]CompilerResultsLog: Building 4 actions with 8 processes...
[2020.12.01-04.06.55:823][175]CompilerResultsLog:   [1/4] OpenDoor.cpp
[2020.12.01-04.06.55:823][175]CompilerResultsLog:   [2/4] UE4Editor-Building_Escape-8638.lib
[2020.12.01-04.06.55:823][175]CompilerResultsLog:      Creating library D:\Unreal Projects\Building Escape\Building_Escape\Intermediate\Build\Win64\UE4Editor\Development\Building_Escape\UE4Editor-Building_Escape-8638.lib and object D:\Unreal Projects\Building Escape\Building_Escape\Intermediate\Build\Win64\UE4Editor\Development\Building_Escape\UE4Editor-Building_Escape-8638.exp
[2020.12.01-04.06.55:823][175]CompilerResultsLog:   [3/4] UE4Editor-Building_Escape-8638.dll
[2020.12.01-04.06.55:823][175]CompilerResultsLog:      Creating library D:\Unreal Projects\Building Escape\Building_Escape\Intermediate\Build\Win64\UE4Editor\Development\Building_Escape\UE4Editor-Building_Escape-8638.suppressed.lib and object D:\Unreal Projects\Building Escape\Building_Escape\Intermediate\Build\Win64\UE4Editor\Development\Building_Escape\UE4Editor-Building_Escape-8638.suppressed.exp
[2020.12.01-04.06.55:823][175]CompilerResultsLog:   [4/4] Building_EscapeEditor.target
[2020.12.01-04.06.55:823][175]CompilerResultsLog: Total time in Parallel executor: 2.08 seconds
[2020.12.01-04.06.55:823][175]CompilerResultsLog: Total execution time: 3.02 seconds
[2020.12.01-04.06.55:823][175]LogMainFrame: MainFrame: Module compiling took 3.162 seconds
[2020.12.01-04.06.55:845][175]LogContentBrowser: Native class hierarchy updated for 'Building_Escape' in 0.0004 seconds. Added 3 classes and 3 folders.
[2020.12.01-04.06.55:849][175]Display: HotReload successful (0 functions remapped  0 scriptstructs remapped)
[2020.12.01-04.06.55:887][175]LogContentBrowser: Native class hierarchy populated in 0.0088 seconds. Added 3449 classes and 831 folders.
[2020.12.01-04.06.55:887][175]Display: HotReload took  3.3s.
[2020.12.01-04.06.57:877][261]LogTemp: Repeating last play command: Selected Viewport
[2020.12.01-04.06.57:899][261]LogPlayLevel: PlayLevel: No blueprints needed recompiling
[2020.12.01-04.06.57:899][261]PIE: New page: PIE session: Main (Nov 30, 2020, 12:06:57 PM)
[2020.12.01-04.06.57:900][261]LogPlayLevel: Creating play world package: /Game/Levels/UEDPIE_0_Main
[2020.12.01-04.06.57:908][261]LogPlayLevel: PIE: StaticDuplicateObject took: (0.008909s)
[2020.12.01-04.06.57:910][261]LogAIModule: Creating AISystem for world Main
[2020.12.01-04.06.57:910][261]LogAISub: UAISubsystem::UAISubsystem EnvQueryManager (0000019D38C8C200), frame # 113261
[2020.12.01-04.06.57:910][261]LogAISub: UAISubsystem::UAISubsystem AIPerceptionSystem (0000019D7A092980), frame # 113261
[2020.12.01-04.06.57:910][261]LogPlayLevel: PIE: World Init took: (0.001450s)
[2020.12.01-04.06.57:910][261]LogPlayLevel: PIE: Created PIE world by copying editor world from /Game/Levels/Main.Main to /Game/Levels/UEDPIE_0_Main.Main (0.010610s)
[2020.12.01-04.06.57:920][261]LogUObjectHash: Compacting FUObjectHashTables data took   0.76ms
[2020.12.01-04.06.57:922][261]LogAudioMixer: Display: Audio Mixer Platform Settings:
[2020.12.01-04.06.57:922][261]LogAudioMixer: Display: 	Sample Rate:						  48000
[2020.12.01-04.06.57:922][261]LogAudioMixer: Display: 	Callback Buffer Frame Size Requested: 1024
[2020.12.01-04.06.57:922][261]LogAudioMixer: Display: 	Callback Buffer Frame Size To Use:	  1024
[2020.12.01-04.06.57:922][261]LogAudioMixer: Display: 	Number of buffers to queue:			  2
[2020.12.01-04.06.57:922][261]LogAudioMixer: Display: 	Max Channels (voices):				  32
[2020.12.01-04.06.57:922][261]LogAudioMixer: Display: 	Number of Async Source Workers:		  0
[2020.12.01-04.06.57:922][261]LogAudio: Display: AudioDevice MaxSources: 32
[2020.12.01-04.06.57:923][261]LogAudio: Display: Using built-in audio occlusion.
[2020.12.01-04.06.57:923][261]LogAudioMixer: Display: Initializing audio mixer.
[2020.12.01-04.06.57:926][261]LogAudioMixer: Display: 0: FrontLeft
[2020.12.01-04.06.57:926][261]LogAudioMixer: Display: 1: FrontRight
[2020.12.01-04.06.57:976][261]LogAudioMixer: Display: Using Audio Device Speakers (Realtek High Definition Audio)
[2020.12.01-04.06.57:977][261]LogAudioMixer: Display: Initializing Sound Submixes...
[2020.12.01-04.06.57:977][261]LogAudioMixer: Display: Creating Master Submix 'MasterSubmixDefault'
[2020.12.01-04.06.57:977][261]LogAudioMixer: Display: Creating Master Submix 'MasterReverbSubmixDefault'
[2020.12.01-04.06.57:978][261]LogAudioMixer: Display: Creating Master Submix 'MasterEQSubmixDefault'
[2020.12.01-04.06.57:992][261]LogInit: FAudioDevice initialized.
[2020.12.01-04.06.58:003][261]LogLoad: Game class is 'GameModeBase'
[2020.12.01-04.06.58:004][261]LogModelComponent: Warning: Material Medieval_Iron_Door_ub1gfbwew_surface_inst requires adjacency information because of Crack Free Displacement or PN Triangle Tesselation, which is not supported with model components. Falling back to DefaultMaterial.
[2020.12.01-04.06.58:004][261]LogModelComponent: Warning: Material Castle_Stone_Wall_2x2_M_tbhoajkr_surface_inst requires adjacency information because of Crack Free Displacement or PN Triangle Tesselation, which is not supported with model components. Falling back to DefaultMaterial.
[2020.12.01-04.06.58:004][261]LogModelComponent: Warning: Material Medieval_Iron_Door_ub1gfbwew_surface_inst requires adjacency information because of Crack Free Displacement or PN Triangle Tesselation, which is not supported with model components. Falling back to DefaultMaterial.
[2020.12.01-04.06.58:004][261]LogModelComponent: Warning: Material Medieval_Iron_Door_ub1gfbwew_surface_inst requires adjacency information because of Crack Free Displacement or PN Triangle Tesselation, which is not supported with model components. Falling back to DefaultMaterial.
[2020.12.01-04.06.58:004][261]LogModelComponent: Warning: Material Medieval_Iron_Door_ub1gfbwew_surface_inst requires adjacency information because of Crack Free Displacement or PN Triangle Tesselation, which is not supported with model components. Falling back to DefaultMaterial.
[2020.12.01-04.06.58:004][261]LogModelComponent: Warning: Material Castle_Stone_Wall_2x2_M_tbhoajkr_surface_inst requires adjacency information because of Crack Free Displacement or PN Triangle Tesselation, which is not supported with model components. Falling back to DefaultMaterial.
[2020.12.01-04.06.58:005][261]LogWorld: Bringing World /Game/Levels/UEDPIE_0_Main.Main up for play (max tick rate 60) at 2020.11.30-20.06.58
[2020.12.01-04.06.58:005][261]LogWorld: Bringing up level for play took: 0.001198
[2020.12.01-04.06.58:005][261]LogOnline: OSS: Creating online subsystem instance for: :Context_4
[2020.12.01-04.06.58:007][261]LogTemp: Warning: Sphere_2 is at X=180.000 Y=-50.000 Z=170.000.
[2020.12.01-04.06.58:007][261]LogTemp: Warning: Cube_5 is at X=200.000 Y=210.000 Z=180.000.
[2020.12.01-04.06.58:007][261]PIE: Server logged in
[2020.12.01-04.06.58:008][261]PIE: Play in editor total start time 0.113 seconds.
[2020.12.01-04.07.16:102][346]LogD3D11RHI: Display: Temp texture streaming buffer not large enough, needed 16777216 bytes
[2020.12.01-04.07.20:536][612]LogD3D11RHI: Display: Temp texture streaming buffer not large enough, needed 16777216 bytes
[2020.12.01-04.07.45:382][100]LogSlate: Updating window title bar state: overlay mode, drag disabled, window buttons hidden, title bar hidden
[2020.12.01-04.07.45:382][100]LogWorld: BeginTearingDown for /Game/Levels/UEDPIE_0_Main
[2020.12.01-04.07.45:382][100]LogWorld: UWorld::CleanupWorld for Main, bSessionEnded=true, bCleanupResources=true
[2020.12.01-04.07.45:383][100]LogSlate: InvalidateAllWidgets triggered.  All widgets were invalidated
[2020.12.01-04.07.45:394][100]LogPlayLevel: Display: Shutting down PIE online subsystems
[2020.12.01-04.07.45:395][100]LogSlate: InvalidateAllWidgets triggered.  All widgets were invalidated
[2020.12.01-04.07.45:424][100]LogSlate: Updating window title bar state: overlay mode, drag disabled, window buttons hidden, title bar hidden
[2020.12.01-04.07.45:425][100]LogAISub: UAISubsystem::~UAISubsystem AIPerceptionSystem (0000019D7A092980), frame # 116100
[2020.12.01-04.07.45:425][100]LogAISub: UAISubsystem::~UAISubsystem EnvQueryManager (0000019D38C8C200), frame # 116100
[2020.12.01-04.07.45:426][100]LogUObjectHash: Compacting FUObjectHashTables data took   0.61ms
[2020.12.01-04.07.45:466][101]LogPlayLevel: Display: Destroying online subsystem :Context_4
[2020.12.01-04.09.01:561][820]LogHotReload: New module detected: UE4Editor-Building_Escape-0046.dll
[2020.12.01-04.09.02:578][824]LogHotReload: Starting Hot-Reload from IDE
[2020.12.01-04.09.02:631][824]LogClass: Could not find existing class OpenDoor in package /Script/Building_Escape for HotReload, assuming new class
[2020.12.01-04.09.02:636][824]LogHotReload: Re-instancing OpenDoor after hot-reload.
[2020.12.01-04.09.02:641][824]LogContentBrowser: Native class hierarchy updated for 'Building_Escape' in 0.0005 seconds. Added 3 classes and 3 folders.
[2020.12.01-04.09.02:645][824]Display: HotReload successful (0 functions remapped  0 scriptstructs remapped)
[2020.12.01-04.09.02:687][824]LogContentBrowser: Native class hierarchy populated in 0.0093 seconds. Added 3449 classes and 831 folders.
[2020.12.01-04.09.02:691][824]Display: HotReload took  0.1s.
